# JRE version: OpenJDK Runtime Environment (11.0.8+10) (build 11.0.8+10-b944.6842174)
# Java VM: OpenJDK 64-Bit Server VM (11.0.8+10-b944.6842174, mixed mode, tiered, compressed oops, g1 gc, windows-amd64)
Heap:
 garbage-first heap   total 390144K, used 156977K [0x0000000080000000, 0x0000000100000000)
  region size 1024K, 31 young (31744K), 16 survivors (16384K)
 Metaspace       used 92049K, capacity 94398K, committed 94544K, reserved 1130496K
  class space    used 11854K, capacity 12789K, committed 12800K, reserved 1048576K
GC Heap History (20 events):
Event: 23.476 GC heap before
{Heap before GC invocations=30 (full 0):
 garbage-first heap   total 270336K, used 218435K [0x0000000080000000, 0x0000000100000000)
  region size 1024K, 101 young (103424K), 8 survivors (8192K)
 Metaspace       used 91776K, capacity 94168K, committed 94288K, reserved 1130496K
  class space    used 11852K, capacity 12788K, committed 12800K, reserved 1048576K
}
Event: 23.495 GC heap after
{Heap after GC invocations=31 (full 0):
 garbage-first heap   total 270336K, used 124992K [0x0000000080000000, 0x0000000100000000)
  region size 1024K, 8 young (8192K), 8 survivors (8192K)
 Metaspace       used 91776K, capacity 94168K, committed 94288K, reserved 1130496K
  class space    used 11852K, capacity 12788K, committed 12800K, reserved 1048576K
}
Event: 23.882 GC heap before
{Heap before GC invocations=31 (full 0):
 garbage-first heap   total 270336K, used 222272K [0x0000000080000000, 0x0000000100000000)
  region size 1024K, 103 young (105472K), 8 survivors (8192K)
 Metaspace       used 91815K, capacity 94172K, committed 94288K, reserved 1130496K
  class space    used 11852K, capacity 12788K, committed 12800K, reserved 1048576K
}
Event: 23.898 GC heap after
{Heap after GC invocations=32 (full 0):
 garbage-first heap   total 324608K, used 125608K [0x0000000080000000, 0x0000000100000000)
  region size 1024K, 7 young (7168K), 7 survivors (7168K)
 Metaspace       used 91815K, capacity 94172K, committed 94288K, reserved 1130496K
  class space    used 11852K, capacity 12788K, committed 12800K, reserved 1048576K
}
Event: 24.690 GC heap before
{Heap before GC invocations=32 (full 0):
 garbage-first heap   total 324608K, used 249512K [0x0000000080000000, 0x0000000100000000)
  region size 1024K, 128 young (131072K), 7 survivors (7168K)
 Metaspace       used 91933K, capacity 94317K, committed 94544K, reserved 1130496K
  class space    used 11853K, capacity 12788K, committed 12800K, reserved 1048576K
}
Event: 24.705 GC heap after
{Heap after GC invocations=33 (full 0):
 garbage-first heap   total 324608K, used 125818K [0x0000000080000000, 0x0000000100000000)
  region size 1024K, 7 young (7168K), 7 survivors (7168K)
 Metaspace       used 91933K, capacity 94317K, committed 94544K, reserved 1130496K
  class space    used 11853K, capacity 12788K, committed 12800K, reserved 1048576K
}
Event: 25.412 GC heap before
{Heap before GC invocations=33 (full 0):
 garbage-first heap   total 324608K, used 262010K [0x0000000080000000, 0x0000000100000000)
  region size 1024K, 140 young (143360K), 7 survivors (7168K)
 Metaspace       used 91962K, capacity 94323K, committed 94544K, reserved 1130496K
  class space    used 11853K, capacity 12788K, committed 12800K, reserved 1048576K
}
Event: 25.429 GC heap after
{Heap after GC invocations=34 (full 0):
 garbage-first heap   total 324608K, used 128202K [0x0000000080000000, 0x0000000100000000)
  region size 1024K, 9 young (9216K), 9 survivors (9216K)
 Metaspace       used 91962K, capacity 94323K, committed 94544K, reserved 1130496K
  class space    used 11853K, capacity 12788K, committed 12800K, reserved 1048576K
}
Event: 26.099 GC heap before
{Heap before GC invocations=34 (full 0):
 garbage-first heap   total 324608K, used 270538K [0x0000000080000000, 0x0000000100000000)
  region size 1024K, 148 young (151552K), 9 survivors (9216K)
 Metaspace       used 91992K, capacity 94388K, committed 94544K, reserved 1130496K
  class space    used 11853K, capacity 12788K, committed 12800K, reserved 1048576K
}
Event: 26.114 GC heap after
{Heap after GC invocations=35 (full 0):
 garbage-first heap   total 324608K, used 127673K [0x0000000080000000, 0x0000000100000000)
  region size 1024K, 9 young (9216K), 9 survivors (9216K)
 Metaspace       used 91992K, capacity 94388K, committed 94544K, reserved 1130496K
  class space    used 11853K, capacity 12788K, committed 12800K, reserved 1048576K
}
Event: 26.822 GC heap before
{Heap before GC invocations=35 (full 0):
 garbage-first heap   total 324608K, used 276153K [0x0000000080000000, 0x0000000100000000)
  region size 1024K, 154 young (157696K), 9 survivors (9216K)
 Metaspace       used 92014K, capacity 94393K, committed 94544K, reserved 1130496K
  class space    used 11854K, capacity 12789K, committed 12800K, reserved 1048576K
}
Event: 26.852 GC heap after
{Heap after GC invocations=36 (full 0):
 garbage-first heap   total 324608K, used 136263K [0x0000000080000000, 0x0000000100000000)
  region size 1024K, 17 young (17408K), 17 survivors (17408K)
 Metaspace       used 92014K, capacity 94393K, committed 94544K, reserved 1130496K
  class space    used 11854K, capacity 12789K, committed 12800K, reserved 1048576K
}
Event: 27.589 GC heap before
{Heap before GC invocations=36 (full 0):
 garbage-first heap   total 324608K, used 273479K [0x0000000080000000, 0x0000000100000000)
  region size 1024K, 151 young (154624K), 17 survivors (17408K)
 Metaspace       used 92023K, capacity 94393K, committed 94544K, reserved 1130496K
  class space    used 11854K, capacity 12789K, committed 12800K, reserved 1048576K
}
Event: 27.618 GC heap after
{Heap after GC invocations=37 (full 0):
 garbage-first heap   total 390144K, used 136497K [0x0000000080000000, 0x0000000100000000)
  region size 1024K, 10 young (10240K), 10 survivors (10240K)
 Metaspace       used 92023K, capacity 94393K, committed 94544K, reserved 1130496K
  class space    used 11854K, capacity 12789K, committed 12800K, reserved 1048576K
}
Event: 28.591 GC heap before
{Heap before GC invocations=37 (full 0):
 garbage-first heap   total 390144K, used 325937K [0x0000000080000000, 0x0000000100000000)
  region size 1024K, 195 young (199680K), 10 survivors (10240K)
 Metaspace       used 92027K, capacity 94393K, committed 94544K, reserved 1130496K
  class space    used 11854K, capacity 12789K, committed 12800K, reserved 1048576K
}
Event: 28.611 GC heap after
{Heap after GC invocations=38 (full 0):
 garbage-first heap   total 390144K, used 138545K [0x0000000080000000, 0x0000000100000000)
  region size 1024K, 12 young (12288K), 12 survivors (12288K)
 Metaspace       used 92027K, capacity 94393K, committed 94544K, reserved 1130496K
  class space    used 11854K, capacity 12789K, committed 12800K, reserved 1048576K
}
Event: 29.524 GC heap before
{Heap before GC invocations=38 (full 0):
 garbage-first heap   total 390144K, used 330033K [0x0000000080000000, 0x0000000100000000)
  region size 1024K, 199 young (203776K), 12 survivors (12288K)
 Metaspace       used 92037K, capacity 94394K, committed 94544K, reserved 1130496K
  class space    used 11854K, capacity 12789K, committed 12800K, reserved 1048576K
}
Event: 29.545 GC heap after
{Heap after GC invocations=39 (full 0):
 garbage-first heap   total 390144K, used 139569K [0x0000000080000000, 0x0000000100000000)
  region size 1024K, 13 young (13312K), 13 survivors (13312K)
 Metaspace       used 92037K, capacity 94394K, committed 94544K, reserved 1130496K
  class space    used 11854K, capacity 12789K, committed 12800K, reserved 1048576K
}
Event: 30.441 GC heap before
{Heap before GC invocations=39 (full 0):
 garbage-first heap   total 390144K, used 335153K [0x0000000080000000, 0x0000000100000000)
  region size 1024K, 204 young (208896K), 13 survivors (13312K)
 Metaspace       used 92049K, capacity 94398K, committed 94544K, reserved 1130496K
  class space    used 11854K, capacity 12789K, committed 12800K, reserved 1048576K
}
Event: 30.463 GC heap after
{Heap after GC invocations=40 (full 0):
 garbage-first heap   total 390144K, used 142641K [0x0000000080000000, 0x0000000100000000)
  region size 1024K, 16 young (16384K), 16 survivors (16384K)
 Metaspace       used 92049K, capacity 94398K, committed 94544K, reserved 1130496K
  class space    used 11854K, capacity 12789K, committed 12800K, reserved 1048576K
}

