# JRE version: OpenJDK Runtime Environment (11.0.8+10) (build 11.0.8+10-b944.6842174)
# Java VM: OpenJDK 64-Bit Server VM (11.0.8+10-b944.6842174, mixed mode, tiered, compressed oops, g1 gc, windows-amd64)
Heap:
 garbage-first heap   total 155648K, used 111317K [0x0000000080000000, 0x0000000100000000)
  region size 1024K, 5 young (5120K), 2 survivors (2048K)
 Metaspace       used 99527K, capacity 101912K, committed 101968K, reserved 1138688K
  class space    used 12366K, capacity 13273K, committed 13312K, reserved 1048576K
GC Heap History (20 events):
Event: 1483.789 GC heap before
{Heap before GC invocations=71 (full 0):
 garbage-first heap   total 129024K, used 111745K [0x0000000080000000, 0x0000000100000000)
  region size 1024K, 6 young (6144K), 1 survivors (1024K)
 Metaspace       used 98191K, capacity 100574K, committed 100816K, reserved 1136640K
  class space    used 12289K, capacity 13176K, committed 13184K, reserved 1048576K
}
Event: 1483.797 GC heap after
{Heap after GC invocations=72 (full 0):
 garbage-first heap   total 129024K, used 107147K [0x0000000080000000, 0x0000000100000000)
  region size 1024K, 1 young (1024K), 1 survivors (1024K)
 Metaspace       used 98191K, capacity 100574K, committed 100816K, reserved 1136640K
  class space    used 12289K, capacity 13176K, committed 13184K, reserved 1048576K
}
Event: 1484.029 GC heap before
{Heap before GC invocations=72 (full 0):
 garbage-first heap   total 129024K, used 112267K [0x0000000080000000, 0x0000000100000000)
  region size 1024K, 6 young (6144K), 1 survivors (1024K)
 Metaspace       used 98328K, capacity 100715K, committed 100816K, reserved 1136640K
  class space    used 12290K, capacity 13178K, committed 13184K, reserved 1048576K
}
Event: 1484.035 GC heap after
{Heap after GC invocations=73 (full 0):
 garbage-first heap   total 129024K, used 107419K [0x0000000080000000, 0x0000000100000000)
  region size 1024K, 1 young (1024K), 1 survivors (1024K)
 Metaspace       used 98328K, capacity 100715K, committed 100816K, reserved 1136640K
  class space    used 12290K, capacity 13178K, committed 13184K, reserved 1048576K
}
Event: 1484.397 GC heap before
{Heap before GC invocations=73 (full 0):
 garbage-first heap   total 129024K, used 112539K [0x0000000080000000, 0x0000000100000000)
  region size 1024K, 6 young (6144K), 1 survivors (1024K)
 Metaspace       used 98429K, capacity 100786K, committed 100816K, reserved 1136640K
  class space    used 12290K, capacity 13178K, committed 13184K, reserved 1048576K
}
Event: 1484.402 GC heap after
{Heap after GC invocations=74 (full 0):
 garbage-first heap   total 129024K, used 107388K [0x0000000080000000, 0x0000000100000000)
  region size 1024K, 1 young (1024K), 1 survivors (1024K)
 Metaspace       used 98429K, capacity 100786K, committed 100816K, reserved 1136640K
  class space    used 12290K, capacity 13178K, committed 13184K, reserved 1048576K
}
Event: 1484.774 GC heap before
{Heap before GC invocations=75 (full 0):
 garbage-first heap   total 129024K, used 112508K [0x0000000080000000, 0x0000000100000000)
  region size 1024K, 6 young (6144K), 1 survivors (1024K)
 Metaspace       used 99045K, capacity 101439K, committed 101712K, reserved 1138688K
  class space    used 12340K, capacity 13246K, committed 13312K, reserved 1048576K
}
Event: 1484.777 GC heap after
{Heap after GC invocations=76 (full 0):
 garbage-first heap   total 129024K, used 107760K [0x0000000080000000, 0x0000000100000000)
  region size 1024K, 1 young (1024K), 1 survivors (1024K)
 Metaspace       used 99045K, capacity 101439K, committed 101712K, reserved 1138688K
  class space    used 12340K, capacity 13246K, committed 13312K, reserved 1048576K
}
Event: 1485.190 GC heap before
{Heap before GC invocations=76 (full 0):
 garbage-first heap   total 129024K, used 112880K [0x0000000080000000, 0x0000000100000000)
  region size 1024K, 6 young (6144K), 1 survivors (1024K)
 Metaspace       used 99228K, capacity 101637K, committed 101712K, reserved 1138688K
  class space    used 12342K, capacity 13247K, committed 13312K, reserved 1048576K
}
Event: 1485.197 GC heap after
{Heap after GC invocations=77 (full 0):
 garbage-first heap   total 129024K, used 107759K [0x0000000080000000, 0x0000000100000000)
  region size 1024K, 1 young (1024K), 1 survivors (1024K)
 Metaspace       used 99228K, capacity 101637K, committed 101712K, reserved 1138688K
  class space    used 12342K, capacity 13247K, committed 13312K, reserved 1048576K
}
Event: 1485.373 GC heap before
{Heap before GC invocations=77 (full 0):
 garbage-first heap   total 129024K, used 112879K [0x0000000080000000, 0x0000000100000000)
  region size 1024K, 6 young (6144K), 1 survivors (1024K)
 Metaspace       used 99281K, capacity 101638K, committed 101712K, reserved 1138688K
  class space    used 12342K, capacity 13247K, committed 13312K, reserved 1048576K
}
Event: 1485.378 GC heap after
{Heap after GC invocations=78 (full 0):
 garbage-first heap   total 129024K, used 108097K [0x0000000080000000, 0x0000000100000000)
  region size 1024K, 1 young (1024K), 1 survivors (1024K)
 Metaspace       used 99281K, capacity 101638K, committed 101712K, reserved 1138688K
  class space    used 12342K, capacity 13247K, committed 13312K, reserved 1048576K
}
Event: 1485.644 GC heap before
{Heap before GC invocations=78 (full 0):
 garbage-first heap   total 129024K, used 113217K [0x0000000080000000, 0x0000000100000000)
  region size 1024K, 6 young (6144K), 1 survivors (1024K)
 Metaspace       used 99328K, capacity 101703K, committed 101968K, reserved 1138688K
  class space    used 12342K, capacity 13247K, committed 13312K, reserved 1048576K
}
Event: 1485.648 GC heap after
{Heap after GC invocations=79 (full 0):
 garbage-first heap   total 129024K, used 108330K [0x0000000080000000, 0x0000000100000000)
  region size 1024K, 1 young (1024K), 1 survivors (1024K)
 Metaspace       used 99328K, capacity 101703K, committed 101968K, reserved 1138688K
  class space    used 12342K, capacity 13247K, committed 13312K, reserved 1048576K
}
Event: 1486.374 GC heap before
{Heap before GC invocations=80 (full 0):
 garbage-first heap   total 129024K, used 113450K [0x0000000080000000, 0x0000000100000000)
  region size 1024K, 6 young (6144K), 1 survivors (1024K)
 Metaspace       used 99469K, capacity 101788K, committed 101968K, reserved 1138688K
  class space    used 12357K, capacity 13255K, committed 13312K, reserved 1048576K
}
Event: 1486.381 GC heap after
{Heap after GC invocations=81 (full 0):
 garbage-first heap   total 155648K, used 108834K [0x0000000080000000, 0x0000000100000000)
  region size 1024K, 1 young (1024K), 1 survivors (1024K)
 Metaspace       used 99469K, capacity 101788K, committed 101968K, reserved 1138688K
  class space    used 12357K, capacity 13255K, committed 13312K, reserved 1048576K
}
Event: 1486.506 GC heap before
{Heap before GC invocations=81 (full 0):
 garbage-first heap   total 155648K, used 113954K [0x0000000080000000, 0x0000000100000000)
  region size 1024K, 7 young (7168K), 1 survivors (1024K)
 Metaspace       used 99494K, capacity 101821K, committed 101968K, reserved 1138688K
  class space    used 12361K, capacity 13264K, committed 13312K, reserved 1048576K
}
Event: 1486.510 GC heap after
{Heap after GC invocations=82 (full 0):
 garbage-first heap   total 155648K, used 109323K [0x0000000080000000, 0x0000000100000000)
  region size 1024K, 1 young (1024K), 1 survivors (1024K)
 Metaspace       used 99494K, capacity 101821K, committed 101968K, reserved 1138688K
  class space    used 12361K, capacity 13264K, committed 13312K, reserved 1048576K
}
Event: 1487.082 GC heap before
{Heap before GC invocations=82 (full 0):
 garbage-first heap   total 155648K, used 121611K [0x0000000080000000, 0x0000000100000000)
  region size 1024K, 14 young (14336K), 1 survivors (1024K)
 Metaspace       used 99501K, capacity 101821K, committed 101968K, reserved 1138688K
  class space    used 12361K, capacity 13264K, committed 13312K, reserved 1048576K
}
Event: 1487.087 GC heap after
{Heap after GC invocations=83 (full 0):
 garbage-first heap   total 155648K, used 109714K [0x0000000080000000, 0x0000000100000000)
  region size 1024K, 1 young (1024K), 1 survivors (1024K)
 Metaspace       used 99501K, capacity 101821K, committed 101968K, reserved 1138688K
  class space    used 12361K, capacity 13264K, committed 13312K, reserved 1048576K
}

