# JRE version: OpenJDK Runtime Environment (11.0.8+10) (build 11.0.8+10-b944.6842174)
# Java VM: OpenJDK 64-Bit Server VM (11.0.8+10-b944.6842174, mixed mode, tiered, compressed oops, g1 gc, windows-amd64)
Heap:
 garbage-first heap   total 425984K, used 149501K [0x0000000080000000, 0x0000000100000000)
  region size 1024K, 16 young (16384K), 16 survivors (16384K)
 Metaspace       used 91726K, capacity 93953K, committed 94288K, reserved 1130496K
  class space    used 11785K, capacity 12664K, committed 12800K, reserved 1048576K
GC Heap History (20 events):
Event: 24.969 GC heap after
{Heap after GC invocations=32 (full 0):
 garbage-first heap   total 296960K, used 135491K [0x0000000080000000, 0x0000000100000000)
  region size 1024K, 10 young (10240K), 10 survivors (10240K)
 Metaspace       used 91438K, capacity 93684K, committed 94032K, reserved 1130496K
  class space    used 11791K, capacity 12680K, committed 12800K, reserved 1048576K
}
Event: 25.463 GC heap before
{Heap before GC invocations=32 (full 0):
 garbage-first heap   total 296960K, used 250179K [0x0000000080000000, 0x0000000100000000)
  region size 1024K, 122 young (124928K), 10 survivors (10240K)
 Metaspace       used 91451K, capacity 93684K, committed 94032K, reserved 1130496K
  class space    used 11791K, capacity 12680K, committed 12800K, reserved 1048576K
}
Event: 25.486 GC heap after
{Heap after GC invocations=33 (full 0):
 garbage-first heap   total 296960K, used 140420K [0x0000000080000000, 0x0000000100000000)
  region size 1024K, 13 young (13312K), 13 survivors (13312K)
 Metaspace       used 91451K, capacity 93684K, committed 94032K, reserved 1130496K
  class space    used 11791K, capacity 12680K, committed 12800K, reserved 1048576K
}
Event: 25.894 GC heap before
{Heap before GC invocations=33 (full 0):
 garbage-first heap   total 296960K, used 248964K [0x0000000080000000, 0x0000000100000000)
  region size 1024K, 119 young (121856K), 13 survivors (13312K)
 Metaspace       used 91485K, capacity 93750K, committed 94032K, reserved 1130496K
  class space    used 11793K, capacity 12680K, committed 12800K, reserved 1048576K
}
Event: 25.910 GC heap after
{Heap after GC invocations=34 (full 0):
 garbage-first heap   total 296960K, used 139261K [0x0000000080000000, 0x0000000100000000)
  region size 1024K, 6 young (6144K), 6 survivors (6144K)
 Metaspace       used 91485K, capacity 93750K, committed 94032K, reserved 1130496K
  class space    used 11793K, capacity 12680K, committed 12800K, reserved 1048576K
}
Event: 26.358 GC heap before
{Heap before GC invocations=34 (full 0):
 garbage-first heap   total 296960K, used 250877K [0x0000000080000000, 0x0000000100000000)
  region size 1024K, 116 young (118784K), 6 survivors (6144K)
 Metaspace       used 91503K, capacity 93751K, committed 94032K, reserved 1130496K
  class space    used 11793K, capacity 12680K, committed 12800K, reserved 1048576K
}
Event: 26.380 GC heap after
{Heap after GC invocations=35 (full 0):
 garbage-first heap   total 296960K, used 140100K [0x0000000080000000, 0x0000000100000000)
  region size 1024K, 7 young (7168K), 7 survivors (7168K)
 Metaspace       used 91503K, capacity 93751K, committed 94032K, reserved 1130496K
  class space    used 11793K, capacity 12680K, committed 12800K, reserved 1048576K
}
Event: 27.234 GC heap before
{Heap before GC invocations=36 (full 0):
 garbage-first heap   total 296960K, used 253764K [0x0000000080000000, 0x0000000100000000)
  region size 1024K, 118 young (120832K), 7 survivors (7168K)
 Metaspace       used 91502K, capacity 93715K, committed 94032K, reserved 1130496K
  class space    used 11784K, capacity 12664K, committed 12800K, reserved 1048576K
}
Event: 27.248 GC heap after
{Heap after GC invocations=37 (full 0):
 garbage-first heap   total 356352K, used 140076K [0x0000000080000000, 0x0000000100000000)
  region size 1024K, 7 young (7168K), 7 survivors (7168K)
 Metaspace       used 91502K, capacity 93715K, committed 94032K, reserved 1130496K
  class space    used 11784K, capacity 12664K, committed 12800K, reserved 1048576K
}
Event: 27.974 GC heap before
{Heap before GC invocations=37 (full 0):
 garbage-first heap   total 356352K, used 296748K [0x0000000080000000, 0x0000000100000000)
  region size 1024K, 160 young (163840K), 7 survivors (7168K)
 Metaspace       used 91510K, capacity 93717K, committed 94032K, reserved 1130496K
  class space    used 11784K, capacity 12664K, committed 12800K, reserved 1048576K
}
Event: 27.987 GC heap after
{Heap after GC invocations=38 (full 0):
 garbage-first heap   total 356352K, used 141821K [0x0000000080000000, 0x0000000100000000)
  region size 1024K, 8 young (8192K), 8 survivors (8192K)
 Metaspace       used 91510K, capacity 93717K, committed 94032K, reserved 1130496K
  class space    used 11784K, capacity 12664K, committed 12800K, reserved 1048576K
}
Event: 28.643 GC heap before
{Heap before GC invocations=38 (full 0):
 garbage-first heap   total 356352K, used 306685K [0x0000000080000000, 0x0000000100000000)
  region size 1024K, 169 young (173056K), 8 survivors (8192K)
 Metaspace       used 91515K, capacity 93717K, committed 94032K, reserved 1130496K
  class space    used 11785K, capacity 12664K, committed 12800K, reserved 1048576K
}
Event: 28.659 GC heap after
{Heap after GC invocations=39 (full 0):
 garbage-first heap   total 356352K, used 144219K [0x0000000080000000, 0x0000000100000000)
  region size 1024K, 11 young (11264K), 11 survivors (11264K)
 Metaspace       used 91515K, capacity 93717K, committed 94032K, reserved 1130496K
  class space    used 11785K, capacity 12664K, committed 12800K, reserved 1048576K
}
Event: 29.275 GC heap before
{Heap before GC invocations=39 (full 0):
 garbage-first heap   total 356352K, used 307035K [0x0000000080000000, 0x0000000100000000)
  region size 1024K, 170 young (174080K), 11 survivors (11264K)
 Metaspace       used 91522K, capacity 93717K, committed 94032K, reserved 1130496K
  class space    used 11785K, capacity 12664K, committed 12800K, reserved 1048576K
}
Event: 29.293 GC heap after
{Heap after GC invocations=40 (full 0):
 garbage-first heap   total 356352K, used 144893K [0x0000000080000000, 0x0000000100000000)
  region size 1024K, 11 young (11264K), 11 survivors (11264K)
 Metaspace       used 91522K, capacity 93717K, committed 94032K, reserved 1130496K
  class space    used 11785K, capacity 12664K, committed 12800K, reserved 1048576K
}
Event: 30.034 GC heap before
{Heap before GC invocations=40 (full 0):
 garbage-first heap   total 356352K, used 309757K [0x0000000080000000, 0x0000000100000000)
  region size 1024K, 171 young (175104K), 11 survivors (11264K)
 Metaspace       used 91694K, capacity 93884K, committed 94032K, reserved 1130496K
  class space    used 11785K, capacity 12664K, committed 12800K, reserved 1048576K
}
Event: 30.052 GC heap after
{Heap after GC invocations=41 (full 0):
 garbage-first heap   total 356352K, used 146429K [0x0000000080000000, 0x0000000100000000)
  region size 1024K, 12 young (12288K), 12 survivors (12288K)
 Metaspace       used 91694K, capacity 93884K, committed 94032K, reserved 1130496K
  class space    used 11785K, capacity 12664K, committed 12800K, reserved 1048576K
}
Event: 30.740 GC heap before
{Heap before GC invocations=41 (full 0):
 garbage-first heap   total 356352K, used 307197K [0x0000000080000000, 0x0000000100000000)
  region size 1024K, 169 young (173056K), 12 survivors (12288K)
 Metaspace       used 91720K, capacity 93953K, committed 94288K, reserved 1130496K
  class space    used 11785K, capacity 12664K, committed 12800K, reserved 1048576K
}
Event: 30.758 GC heap after
{Heap after GC invocations=42 (full 0):
 garbage-first heap   total 356352K, used 144893K [0x0000000080000000, 0x0000000100000000)
  region size 1024K, 11 young (11264K), 11 survivors (11264K)
 Metaspace       used 91720K, capacity 93953K, committed 94288K, reserved 1130496K
  class space    used 11785K, capacity 12664K, committed 12800K, reserved 1048576K
}
Event: 31.429 GC heap before
{Heap before GC invocations=42 (full 0):
 garbage-first heap   total 356352K, used 308733K [0x0000000080000000, 0x0000000100000000)
  region size 1024K, 171 young (175104K), 11 survivors (11264K)
 Metaspace       used 91726K, capacity 93953K, committed 94288K, reserved 1130496K
  class space    used 11785K, capacity 12664K, committed 12800K, reserved 1048576K
}

