# JRE version: OpenJDK Runtime Environment (11.0.8+10) (build 11.0.8+10-b944.6842174)
# Java VM: OpenJDK 64-Bit Server VM (11.0.8+10-b944.6842174, mixed mode, tiered, compressed oops, g1 gc, windows-amd64)
Heap:
 garbage-first heap   total 187392K, used 118662K [0x0000000080000000, 0x0000000100000000)
  region size 1024K, 8 young (8192K), 3 survivors (3072K)
 Metaspace       used 112175K, capacity 115065K, committed 115280K, reserved 1148928K
  class space    used 14113K, capacity 15265K, committed 15360K, reserved 1048576K
GC Heap History (20 events):
Event: 52.257 GC heap before
{Heap before GC invocations=42 (full 0):
 garbage-first heap   total 155648K, used 129866K [0x0000000080000000, 0x0000000100000000)
  region size 1024K, 22 young (22528K), 4 survivors (4096K)
 Metaspace       used 105328K, capacity 107996K, committed 108240K, reserved 1142784K
  class space    used 13579K, capacity 14639K, committed 14720K, reserved 1048576K
}
Event: 52.275 GC heap after
{Heap after GC invocations=43 (full 0):
 garbage-first heap   total 155648K, used 110385K [0x0000000080000000, 0x0000000100000000)
  region size 1024K, 2 young (2048K), 2 survivors (2048K)
 Metaspace       used 105328K, capacity 107996K, committed 108240K, reserved 1142784K
  class space    used 13579K, capacity 14639K, committed 14720K, reserved 1048576K
}
Event: 52.905 GC heap before
{Heap before GC invocations=43 (full 0):
 garbage-first heap   total 155648K, used 127793K [0x0000000080000000, 0x0000000100000000)
  region size 1024K, 19 young (19456K), 2 survivors (2048K)
 Metaspace       used 106260K, capacity 109103K, committed 109392K, reserved 1144832K
  class space    used 13672K, capacity 14763K, committed 14848K, reserved 1048576K
}
Event: 52.912 GC heap after
{Heap after GC invocations=44 (full 0):
 garbage-first heap   total 155648K, used 111546K [0x0000000080000000, 0x0000000100000000)
  region size 1024K, 3 young (3072K), 3 survivors (3072K)
 Metaspace       used 106260K, capacity 109103K, committed 109392K, reserved 1144832K
  class space    used 13672K, capacity 14763K, committed 14848K, reserved 1048576K
}
Event: 53.268 GC heap before
{Heap before GC invocations=44 (full 0):
 garbage-first heap   total 155648K, used 135098K [0x0000000080000000, 0x0000000100000000)
  region size 1024K, 13 young (13312K), 3 survivors (3072K)
 Metaspace       used 107019K, capacity 109852K, committed 110032K, reserved 1144832K
  class space    used 13783K, capacity 14887K, committed 14976K, reserved 1048576K
}
Event: 53.277 GC heap after
{Heap after GC invocations=45 (full 0):
 garbage-first heap   total 187392K, used 118434K [0x0000000080000000, 0x0000000100000000)
  region size 1024K, 1 young (1024K), 1 survivors (1024K)
 Metaspace       used 107019K, capacity 109852K, committed 110032K, reserved 1144832K
  class space    used 13783K, capacity 14887K, committed 14976K, reserved 1048576K
}
Event: 481.503 GC heap before
{Heap before GC invocations=46 (full 0):
 garbage-first heap   total 187392K, used 149154K [0x0000000080000000, 0x0000000100000000)
  region size 1024K, 28 young (28672K), 1 survivors (1024K)
 Metaspace       used 110920K, capacity 113758K, committed 113872K, reserved 1148928K
  class space    used 14091K, capacity 15205K, committed 15232K, reserved 1048576K
}
Event: 481.511 GC heap after
{Heap after GC invocations=47 (full 0):
 garbage-first heap   total 187392K, used 107339K [0x0000000080000000, 0x0000000100000000)
  region size 1024K, 1 young (1024K), 1 survivors (1024K)
 Metaspace       used 110920K, capacity 113758K, committed 113872K, reserved 1148928K
  class space    used 14091K, capacity 15205K, committed 15232K, reserved 1048576K
}
Event: 490.252 GC heap before
{Heap before GC invocations=47 (full 0):
 garbage-first heap   total 187392K, used 115531K [0x0000000080000000, 0x0000000100000000)
  region size 1024K, 9 young (9216K), 1 survivors (1024K)
 Metaspace       used 111110K, capacity 113994K, committed 114128K, reserved 1148928K
  class space    used 14095K, capacity 15211K, committed 15232K, reserved 1048576K
}
Event: 490.262 GC heap after
{Heap after GC invocations=48 (full 0):
 garbage-first heap   total 187392K, used 101332K [0x0000000080000000, 0x0000000100000000)
  region size 1024K, 2 young (2048K), 2 survivors (2048K)
 Metaspace       used 111110K, capacity 113994K, committed 114128K, reserved 1148928K
  class space    used 14095K, capacity 15211K, committed 15232K, reserved 1048576K
}
Event: 491.591 GC heap before
{Heap before GC invocations=48 (full 0):
 garbage-first heap   total 187392K, used 139220K [0x0000000080000000, 0x0000000100000000)
  region size 1024K, 39 young (39936K), 2 survivors (2048K)
 Metaspace       used 111603K, capacity 114567K, committed 114768K, reserved 1148928K
  class space    used 14109K, capacity 15260K, committed 15360K, reserved 1048576K
}
Event: 491.602 GC heap after
{Heap after GC invocations=49 (full 0):
 garbage-first heap   total 187392K, used 105179K [0x0000000080000000, 0x0000000100000000)
  region size 1024K, 5 young (5120K), 5 survivors (5120K)
 Metaspace       used 111603K, capacity 114567K, committed 114768K, reserved 1148928K
  class space    used 14109K, capacity 15260K, committed 15360K, reserved 1048576K
}
Event: 492.218 GC heap before
{Heap before GC invocations=49 (full 0):
 garbage-first heap   total 187392K, used 142043K [0x0000000080000000, 0x0000000100000000)
  region size 1024K, 42 young (43008K), 5 survivors (5120K)
 Metaspace       used 111637K, capacity 114568K, committed 114768K, reserved 1148928K
  class space    used 14109K, capacity 15260K, committed 15360K, reserved 1048576K
}
Event: 492.232 GC heap after
{Heap after GC invocations=50 (full 0):
 garbage-first heap   total 187392K, used 106548K [0x0000000080000000, 0x0000000100000000)
  region size 1024K, 2 young (2048K), 2 survivors (2048K)
 Metaspace       used 111637K, capacity 114568K, committed 114768K, reserved 1148928K
  class space    used 14109K, capacity 15260K, committed 15360K, reserved 1048576K
}
Event: 493.630 GC heap before
{Heap before GC invocations=51 (full 0):
 garbage-first heap   total 187392K, used 143412K [0x0000000080000000, 0x0000000100000000)
  region size 1024K, 39 young (39936K), 2 survivors (2048K)
 Metaspace       used 111866K, capacity 114788K, committed 115024K, reserved 1148928K
  class space    used 14112K, capacity 15264K, committed 15360K, reserved 1048576K
}
Event: 493.638 GC heap after
{Heap after GC invocations=52 (full 0):
 garbage-first heap   total 187392K, used 109400K [0x0000000080000000, 0x0000000100000000)
  region size 1024K, 5 young (5120K), 5 survivors (5120K)
 Metaspace       used 111866K, capacity 114788K, committed 115024K, reserved 1148928K
  class space    used 14112K, capacity 15264K, committed 15360K, reserved 1048576K
}
Event: 493.678 GC heap before
{Heap before GC invocations=52 (full 0):
 garbage-first heap   total 187392K, used 115544K [0x0000000080000000, 0x0000000100000000)
  region size 1024K, 9 young (9216K), 5 survivors (5120K)
 Metaspace       used 111873K, capacity 114789K, committed 115024K, reserved 1148928K
  class space    used 14112K, capacity 15264K, committed 15360K, reserved 1048576K
}
Event: 493.702 GC heap after
{Heap after GC invocations=53 (full 0):
 garbage-first heap   total 187392K, used 103679K [0x0000000080000000, 0x0000000100000000)
  region size 1024K, 2 young (2048K), 2 survivors (2048K)
 Metaspace       used 111873K, capacity 114789K, committed 115024K, reserved 1148928K
  class space    used 14112K, capacity 15264K, committed 15360K, reserved 1048576K
}
Event: 494.538 GC heap before
{Heap before GC invocations=53 (full 0):
 garbage-first heap   total 187392K, used 143615K [0x0000000080000000, 0x0000000100000000)
  region size 1024K, 41 young (41984K), 2 survivors (2048K)
 Metaspace       used 111953K, capacity 114857K, committed 115024K, reserved 1148928K
  class space    used 14112K, capacity 15264K, committed 15360K, reserved 1048576K
}
Event: 494.558 GC heap after
{Heap after GC invocations=54 (full 0):
 garbage-first heap   total 187392K, used 113664K [0x0000000080000000, 0x0000000100000000)
  region size 1024K, 6 young (6144K), 6 survivors (6144K)
 Metaspace       used 111953K, capacity 114857K, committed 115024K, reserved 1148928K
  class space    used 14112K, capacity 15264K, committed 15360K, reserved 1048576K
}

