# JRE version: OpenJDK Runtime Environment (11.0.8+10) (build 11.0.8+10-b944.6842174)
# Java VM: OpenJDK 64-Bit Server VM (11.0.8+10-b944.6842174, mixed mode, tiered, compressed oops, g1 gc, windows-amd64)
Heap:
 garbage-first heap   total 187392K, used 108256K [0x0000000080000000, 0x0000000100000000)
  region size 1024K, 41 young (41984K), 9 survivors (9216K)
 Metaspace       used 90367K, capacity 92655K, committed 92880K, reserved 1130496K
  class space    used 11697K, capacity 12563K, committed 12672K, reserved 1048576K
GC Heap History (20 events):
Event: 8.820 GC heap before
{Heap before GC invocations=9 (full 0):
 garbage-first heap   total 129024K, used 77394K [0x0000000080000000, 0x0000000100000000)
  region size 1024K, 59 young (60416K), 6 survivors (6144K)
 Metaspace       used 39910K, capacity 40730K, committed 40912K, reserved 1085440K
  class space    used 5090K, capacity 5418K, committed 5504K, reserved 1048576K
}
Event: 8.836 GC heap after
{Heap after GC invocations=10 (full 0):
 garbage-first heap   total 129024K, used 25097K [0x0000000080000000, 0x0000000100000000)
  region size 1024K, 8 young (8192K), 8 survivors (8192K)
 Metaspace       used 39910K, capacity 40730K, committed 40912K, reserved 1085440K
  class space    used 5090K, capacity 5418K, committed 5504K, reserved 1048576K
}
Event: 10.061 GC heap before
{Heap before GC invocations=10 (full 0):
 garbage-first heap   total 129024K, used 83465K [0x0000000080000000, 0x0000000100000000)
  region size 1024K, 65 young (66560K), 8 survivors (8192K)
 Metaspace       used 43389K, capacity 44359K, committed 44496K, reserved 1087488K
  class space    used 5542K, capacity 5904K, committed 6016K, reserved 1048576K
}
Event: 10.078 GC heap after
{Heap after GC invocations=11 (full 0):
 garbage-first heap   total 129024K, used 28797K [0x0000000080000000, 0x0000000100000000)
  region size 1024K, 8 young (8192K), 8 survivors (8192K)
 Metaspace       used 43389K, capacity 44359K, committed 44496K, reserved 1087488K
  class space    used 5542K, capacity 5904K, committed 6016K, reserved 1048576K
}
Event: 11.286 GC heap before
{Heap before GC invocations=11 (full 0):
 garbage-first heap   total 129024K, used 98429K [0x0000000080000000, 0x0000000100000000)
  region size 1024K, 71 young (72704K), 8 survivors (8192K)
 Metaspace       used 50587K, capacity 51763K, committed 51792K, reserved 1093632K
  class space    used 6438K, capacity 6906K, committed 6912K, reserved 1048576K
}
Event: 11.304 GC heap after
{Heap after GC invocations=12 (full 0):
 garbage-first heap   total 155648K, used 42995K [0x0000000080000000, 0x0000000100000000)
  region size 1024K, 9 young (9216K), 9 survivors (9216K)
 Metaspace       used 50587K, capacity 51763K, committed 51792K, reserved 1093632K
  class space    used 6438K, capacity 6906K, committed 6912K, reserved 1048576K
}
Event: 12.958 GC heap before
{Heap before GC invocations=12 (full 0):
 garbage-first heap   total 155648K, used 105459K [0x0000000080000000, 0x0000000100000000)
  region size 1024K, 71 young (72704K), 9 survivors (9216K)
 Metaspace       used 58918K, capacity 60227K, committed 60240K, reserved 1101824K
  class space    used 7410K, capacity 7928K, committed 7936K, reserved 1048576K
}
Event: 12.983 GC heap after
{Heap after GC invocations=13 (full 0):
 garbage-first heap   total 155648K, used 49050K [0x0000000080000000, 0x0000000100000000)
  region size 1024K, 6 young (6144K), 6 survivors (6144K)
 Metaspace       used 58918K, capacity 60227K, committed 60240K, reserved 1101824K
  class space    used 7410K, capacity 7928K, committed 7936K, reserved 1048576K
}
Event: 14.426 GC heap before
{Heap before GC invocations=14 (full 0):
 garbage-first heap   total 155648K, used 113562K [0x0000000080000000, 0x0000000100000000)
  region size 1024K, 69 young (70656K), 6 survivors (6144K)
 Metaspace       used 64547K, capacity 66024K, committed 66256K, reserved 1107968K
  class space    used 8232K, capacity 8799K, committed 8832K, reserved 1048576K
}
Event: 14.442 GC heap after
{Heap after GC invocations=15 (full 0):
 garbage-first heap   total 155648K, used 53904K [0x0000000080000000, 0x0000000100000000)
  region size 1024K, 6 young (6144K), 6 survivors (6144K)
 Metaspace       used 64547K, capacity 66024K, committed 66256K, reserved 1107968K
  class space    used 8232K, capacity 8799K, committed 8832K, reserved 1048576K
}
Event: 16.259 GC heap before
{Heap before GC invocations=16 (full 0):
 garbage-first heap   total 155648K, used 117392K [0x0000000080000000, 0x0000000100000000)
  region size 1024K, 68 young (69632K), 6 survivors (6144K)
 Metaspace       used 70566K, capacity 72110K, committed 72400K, reserved 1112064K
  class space    used 9149K, capacity 9786K, committed 9856K, reserved 1048576K
}
Event: 16.276 GC heap after
{Heap after GC invocations=17 (full 0):
 garbage-first heap   total 155648K, used 58080K [0x0000000080000000, 0x0000000100000000)
  region size 1024K, 4 young (4096K), 4 survivors (4096K)
 Metaspace       used 70566K, capacity 72110K, committed 72400K, reserved 1112064K
  class space    used 9149K, capacity 9786K, committed 9856K, reserved 1048576K
}
Event: 18.262 GC heap before
{Heap before GC invocations=17 (full 0):
 garbage-first heap   total 155648K, used 120544K [0x0000000080000000, 0x0000000100000000)
  region size 1024K, 65 young (66560K), 4 survivors (4096K)
 Metaspace       used 75569K, capacity 77342K, committed 77520K, reserved 1116160K
  class space    used 9838K, capacity 10513K, committed 10624K, reserved 1048576K
}
Event: 18.286 GC heap after
{Heap after GC invocations=18 (full 0):
 garbage-first heap   total 187392K, used 63465K [0x0000000080000000, 0x0000000100000000)
  region size 1024K, 9 young (9216K), 9 survivors (9216K)
 Metaspace       used 75569K, capacity 77342K, committed 77520K, reserved 1116160K
  class space    used 9838K, capacity 10513K, committed 10624K, reserved 1048576K
}
Event: 19.748 GC heap before
{Heap before GC invocations=18 (full 0):
 garbage-first heap   total 187392K, used 137193K [0x0000000080000000, 0x0000000100000000)
  region size 1024K, 81 young (82944K), 9 survivors (9216K)
 Metaspace       used 76230K, capacity 77965K, committed 78288K, reserved 1118208K
  class space    used 9854K, capacity 10528K, committed 10624K, reserved 1048576K
}
Event: 19.769 GC heap after
{Heap after GC invocations=19 (full 0):
 garbage-first heap   total 187392K, used 68901K [0x0000000080000000, 0x0000000100000000)
  region size 1024K, 11 young (11264K), 11 survivors (11264K)
 Metaspace       used 76230K, capacity 77965K, committed 78288K, reserved 1118208K
  class space    used 9854K, capacity 10528K, committed 10624K, reserved 1048576K
}
Event: 20.900 GC heap before
{Heap before GC invocations=19 (full 0):
 garbage-first heap   total 187392K, used 141605K [0x0000000080000000, 0x0000000100000000)
  region size 1024K, 83 young (84992K), 11 survivors (11264K)
 Metaspace       used 79167K, capacity 80982K, committed 81232K, reserved 1120256K
  class space    used 10233K, capacity 10921K, committed 11008K, reserved 1048576K
}
Event: 20.920 GC heap after
{Heap after GC invocations=20 (full 0):
 garbage-first heap   total 187392K, used 72900K [0x0000000080000000, 0x0000000100000000)
  region size 1024K, 10 young (10240K), 10 survivors (10240K)
 Metaspace       used 79167K, capacity 80982K, committed 81232K, reserved 1120256K
  class space    used 10233K, capacity 10921K, committed 11008K, reserved 1048576K
}
Event: 23.002 GC heap before
{Heap before GC invocations=20 (full 0):
 garbage-first heap   total 187392K, used 146628K [0x0000000080000000, 0x0000000100000000)
  region size 1024K, 82 young (83968K), 10 survivors (10240K)
 Metaspace       used 86100K, capacity 88275K, committed 88528K, reserved 1126400K
  class space    used 11187K, capacity 12038K, committed 12160K, reserved 1048576K
}
Event: 23.020 GC heap after
{Heap after GC invocations=21 (full 0):
 garbage-first heap   total 187392K, used 77536K [0x0000000080000000, 0x0000000100000000)
  region size 1024K, 9 young (9216K), 9 survivors (9216K)
 Metaspace       used 86100K, capacity 88275K, committed 88528K, reserved 1126400K
  class space    used 11187K, capacity 12038K, committed 12160K, reserved 1048576K
}

