# JRE version: OpenJDK Runtime Environment (11.0.8+10) (build 11.0.8+10-b944.6842174)
# Java VM: OpenJDK 64-Bit Server VM (11.0.8+10-b944.6842174, mixed mode, tiered, compressed oops, g1 gc, windows-amd64)
Heap:
 garbage-first heap   total 390144K, used 333754K [0x0000000080000000, 0x0000000100000000)
  region size 1024K, 211 young (216064K), 24 survivors (24576K)
 Metaspace       used 91746K, capacity 93941K, committed 94032K, reserved 1130496K
  class space    used 11811K, capacity 12718K, committed 12800K, reserved 1048576K
GC Heap History (20 events):
Event: 21.784 GC heap before
{Heap before GC invocations=28 (full 0):
 garbage-first heap   total 270336K, used 214791K [0x0000000080000000, 0x0000000100000000)
  region size 1024K, 93 young (95232K), 6 survivors (6144K)
 Metaspace       used 90063K, capacity 92130K, committed 92496K, reserved 1130496K
  class space    used 11625K, capacity 12478K, committed 12544K, reserved 1048576K
}
Event: 21.797 GC heap after
{Heap after GC invocations=29 (full 0):
 garbage-first heap   total 270336K, used 126205K [0x0000000080000000, 0x0000000100000000)
  region size 1024K, 7 young (7168K), 7 survivors (7168K)
 Metaspace       used 90063K, capacity 92130K, committed 92496K, reserved 1130496K
  class space    used 11625K, capacity 12478K, committed 12544K, reserved 1048576K
}
Event: 22.247 GC heap before
{Heap before GC invocations=29 (full 0):
 garbage-first heap   total 270336K, used 220413K [0x0000000080000000, 0x0000000100000000)
  region size 1024K, 99 young (101376K), 7 survivors (7168K)
 Metaspace       used 90090K, capacity 92201K, committed 92496K, reserved 1130496K
  class space    used 11626K, capacity 12480K, committed 12544K, reserved 1048576K
}
Event: 22.266 GC heap after
{Heap after GC invocations=30 (full 0):
 garbage-first heap   total 270336K, used 127257K [0x0000000080000000, 0x0000000100000000)
  region size 1024K, 8 young (8192K), 8 survivors (8192K)
 Metaspace       used 90090K, capacity 92201K, committed 92496K, reserved 1130496K
  class space    used 11626K, capacity 12480K, committed 12544K, reserved 1048576K
}
Event: 22.747 GC heap before
{Heap before GC invocations=30 (full 0):
 garbage-first heap   total 270336K, used 223513K [0x0000000080000000, 0x0000000100000000)
  region size 1024K, 102 young (104448K), 8 survivors (8192K)
 Metaspace       used 90134K, capacity 92207K, committed 92496K, reserved 1130496K
  class space    used 11628K, capacity 12481K, committed 12544K, reserved 1048576K
}
Event: 22.764 GC heap after
{Heap after GC invocations=31 (full 0):
 garbage-first heap   total 270336K, used 128787K [0x0000000080000000, 0x0000000100000000)
  region size 1024K, 8 young (8192K), 8 survivors (8192K)
 Metaspace       used 90134K, capacity 92207K, committed 92496K, reserved 1130496K
  class space    used 11628K, capacity 12481K, committed 12544K, reserved 1048576K
}
Event: 23.160 GC heap before
{Heap before GC invocations=31 (full 0):
 garbage-first heap   total 270336K, used 226067K [0x0000000080000000, 0x0000000100000000)
  region size 1024K, 103 young (105472K), 8 survivors (8192K)
 Metaspace       used 90155K, capacity 92207K, committed 92496K, reserved 1130496K
  class space    used 11628K, capacity 12481K, committed 12544K, reserved 1048576K
}
Event: 23.182 GC heap after
{Heap after GC invocations=32 (full 0):
 garbage-first heap   total 324608K, used 129893K [0x0000000080000000, 0x0000000100000000)
  region size 1024K, 8 young (8192K), 8 survivors (8192K)
 Metaspace       used 90155K, capacity 92207K, committed 92496K, reserved 1130496K
  class space    used 11628K, capacity 12481K, committed 12544K, reserved 1048576K
}
Event: 23.773 GC heap before
{Heap before GC invocations=32 (full 0):
 garbage-first heap   total 324608K, used 260965K [0x0000000080000000, 0x0000000100000000)
  region size 1024K, 136 young (139264K), 8 survivors (8192K)
 Metaspace       used 90189K, capacity 92272K, committed 92496K, reserved 1130496K
  class space    used 11630K, capacity 12481K, committed 12544K, reserved 1048576K
}
Event: 23.790 GC heap after
{Heap after GC invocations=33 (full 0):
 garbage-first heap   total 324608K, used 131225K [0x0000000080000000, 0x0000000100000000)
  region size 1024K, 9 young (9216K), 9 survivors (9216K)
 Metaspace       used 90189K, capacity 92272K, committed 92496K, reserved 1130496K
  class space    used 11630K, capacity 12481K, committed 12544K, reserved 1048576K
}
Event: 24.406 GC heap before
{Heap before GC invocations=33 (full 0):
 garbage-first heap   total 324608K, used 272537K [0x0000000080000000, 0x0000000100000000)
  region size 1024K, 147 young (150528K), 9 survivors (9216K)
 Metaspace       used 90281K, capacity 92343K, committed 92496K, reserved 1130496K
  class space    used 11644K, capacity 12483K, committed 12544K, reserved 1048576K
}
Event: 24.424 GC heap after
{Heap after GC invocations=34 (full 0):
 garbage-first heap   total 324608K, used 132653K [0x0000000080000000, 0x0000000100000000)
  region size 1024K, 11 young (11264K), 11 survivors (11264K)
 Metaspace       used 90281K, capacity 92343K, committed 92496K, reserved 1130496K
  class space    used 11644K, capacity 12483K, committed 12544K, reserved 1048576K
}
Event: 25.030 GC heap before
{Heap before GC invocations=34 (full 0):
 garbage-first heap   total 324608K, used 274989K [0x0000000080000000, 0x0000000100000000)
  region size 1024K, 150 young (153600K), 11 survivors (11264K)
 Metaspace       used 90303K, capacity 92348K, committed 92496K, reserved 1130496K
  class space    used 11644K, capacity 12483K, committed 12544K, reserved 1048576K
}
Event: 25.050 GC heap after
{Heap after GC invocations=35 (full 0):
 garbage-first heap   total 324608K, used 134485K [0x0000000080000000, 0x0000000100000000)
  region size 1024K, 12 young (12288K), 12 survivors (12288K)
 Metaspace       used 90303K, capacity 92348K, committed 92496K, reserved 1130496K
  class space    used 11644K, capacity 12483K, committed 12544K, reserved 1048576K
}
Event: 25.647 GC heap before
{Heap before GC invocations=35 (full 0):
 garbage-first heap   total 324608K, used 278869K [0x0000000080000000, 0x0000000100000000)
  region size 1024K, 153 young (156672K), 12 survivors (12288K)
 Metaspace       used 90314K, capacity 92349K, committed 92496K, reserved 1130496K
  class space    used 11644K, capacity 12483K, committed 12544K, reserved 1048576K
}
Event: 25.673 GC heap after
{Heap after GC invocations=36 (full 0):
 garbage-first heap   total 390144K, used 136846K [0x0000000080000000, 0x0000000100000000)
  region size 1024K, 13 young (13312K), 13 survivors (13312K)
 Metaspace       used 90314K, capacity 92349K, committed 92496K, reserved 1130496K
  class space    used 11644K, capacity 12483K, committed 12544K, reserved 1048576K
}
Event: 26.660 GC heap before
{Heap before GC invocations=36 (full 0):
 garbage-first heap   total 390144K, used 328334K [0x0000000080000000, 0x0000000100000000)
  region size 1024K, 200 young (204800K), 13 survivors (13312K)
 Metaspace       used 91258K, capacity 93381K, committed 93648K, reserved 1130496K
  class space    used 11756K, capacity 12629K, committed 12672K, reserved 1048576K
}
Event: 26.688 GC heap after
{Heap after GC invocations=37 (full 0):
 garbage-first heap   total 390144K, used 140942K [0x0000000080000000, 0x0000000100000000)
  region size 1024K, 17 young (17408K), 17 survivors (17408K)
 Metaspace       used 91258K, capacity 93381K, committed 93648K, reserved 1130496K
  class space    used 11756K, capacity 12629K, committed 12672K, reserved 1048576K
}
Event: 27.693 GC heap before
{Heap before GC invocations=37 (full 0):
 garbage-first heap   total 390144K, used 335502K [0x0000000080000000, 0x0000000100000000)
  region size 1024K, 204 young (208896K), 17 survivors (17408K)
 Metaspace       used 91724K, capacity 93909K, committed 94032K, reserved 1130496K
  class space    used 11810K, capacity 12686K, committed 12800K, reserved 1048576K
}
Event: 27.722 GC heap after
{Heap after GC invocations=38 (full 0):
 garbage-first heap   total 390144K, used 142266K [0x0000000080000000, 0x0000000100000000)
  region size 1024K, 15 young (15360K), 15 survivors (15360K)
 Metaspace       used 91724K, capacity 93909K, committed 94032K, reserved 1130496K
  class space    used 11810K, capacity 12686K, committed 12800K, reserved 1048576K
}

