# JRE version: OpenJDK Runtime Environment (11.0.8+10) (build 11.0.8+10-b944.6842174)
# Java VM: OpenJDK 64-Bit Server VM (11.0.8+10-b944.6842174, mixed mode, tiered, compressed oops, g1 gc, windows-amd64)
Heap:
 garbage-first heap   total 191488K, used 112664K [0x0000000080000000, 0x0000000100000000)
  region size 1024K, 7 young (7168K), 7 survivors (7168K)
 Metaspace       used 116741K, capacity 119891K, committed 120020K, reserved 1155072K
  class space    used 14269K, capacity 15499K, committed 15616K, reserved 1048576K
GC Heap History (20 events):
Event: 1128.438 GC heap after
{Heap after GC invocations=101 (full 0):
 garbage-first heap   total 191488K, used 99244K [0x0000000080000000, 0x0000000100000000)
  region size 1024K, 2 young (2048K), 2 survivors (2048K)
 Metaspace       used 116416K, capacity 119584K, committed 119636K, reserved 1153024K
  class space    used 14253K, capacity 15470K, committed 15488K, reserved 1048576K
}
Event: 1129.257 GC heap before
{Heap before GC invocations=101 (full 0):
 garbage-first heap   total 191488K, used 127916K [0x0000000080000000, 0x0000000100000000)
  region size 1024K, 31 young (31744K), 2 survivors (2048K)
 Metaspace       used 116484K, capacity 119600K, committed 119636K, reserved 1153024K
  class space    used 14255K, capacity 15474K, committed 15488K, reserved 1048576K
}
Event: 1129.275 GC heap after
{Heap after GC invocations=102 (full 0):
 garbage-first heap   total 191488K, used 102198K [0x0000000080000000, 0x0000000100000000)
  region size 1024K, 4 young (4096K), 4 survivors (4096K)
 Metaspace       used 116484K, capacity 119600K, committed 119636K, reserved 1153024K
  class space    used 14255K, capacity 15474K, committed 15488K, reserved 1048576K
}
Event: 1132.651 GC heap before
{Heap before GC invocations=103 (full 0):
 garbage-first heap   total 191488K, used 156470K [0x0000000080000000, 0x0000000100000000)
  region size 1024K, 55 young (56320K), 4 survivors (4096K)
 Metaspace       used 116525K, capacity 119606K, committed 119636K, reserved 1153024K
  class space    used 14255K, capacity 15474K, committed 15488K, reserved 1048576K
}
Event: 1132.681 GC heap after
{Heap after GC invocations=104 (full 0):
 garbage-first heap   total 191488K, used 116410K [0x0000000080000000, 0x0000000100000000)
  region size 1024K, 7 young (7168K), 7 survivors (7168K)
 Metaspace       used 116525K, capacity 119606K, committed 119636K, reserved 1153024K
  class space    used 14255K, capacity 15474K, committed 15488K, reserved 1048576K
}
Event: 1134.370 GC heap before
{Heap before GC invocations=104 (full 0):
 garbage-first heap   total 191488K, used 156346K [0x0000000080000000, 0x0000000100000000)
  region size 1024K, 46 young (47104K), 7 survivors (7168K)
 Metaspace       used 116566K, capacity 119739K, committed 119892K, reserved 1155072K
  class space    used 14255K, capacity 15474K, committed 15488K, reserved 1048576K
}
Event: 1134.389 GC heap after
{Heap after GC invocations=105 (full 0):
 garbage-first heap   total 191488K, used 119102K [0x0000000080000000, 0x0000000100000000)
  region size 1024K, 2 young (2048K), 2 survivors (2048K)
 Metaspace       used 116566K, capacity 119739K, committed 119892K, reserved 1155072K
  class space    used 14255K, capacity 15474K, committed 15488K, reserved 1048576K
}
Event: 1135.098 GC heap before
{Heap before GC invocations=106 (full 0):
 garbage-first heap   total 191488K, used 156990K [0x0000000080000000, 0x0000000100000000)
  region size 1024K, 40 young (40960K), 2 survivors (2048K)
 Metaspace       used 116610K, capacity 119760K, committed 119892K, reserved 1155072K
  class space    used 14259K, capacity 15481K, committed 15488K, reserved 1048576K
}
Event: 1135.109 GC heap after
{Heap after GC invocations=107 (full 0):
 garbage-first heap   total 191488K, used 120403K [0x0000000080000000, 0x0000000100000000)
  region size 1024K, 4 young (4096K), 4 survivors (4096K)
 Metaspace       used 116610K, capacity 119760K, committed 119892K, reserved 1155072K
  class space    used 14259K, capacity 15481K, committed 15488K, reserved 1048576K
}
Event: 1135.135 GC heap before
{Heap before GC invocations=107 (full 0):
 garbage-first heap   total 191488K, used 124499K [0x0000000080000000, 0x0000000100000000)
  region size 1024K, 9 young (9216K), 4 survivors (4096K)
 Metaspace       used 116610K, capacity 119760K, committed 119892K, reserved 1155072K
  class space    used 14259K, capacity 15481K, committed 15488K, reserved 1048576K
}
Event: 1135.150 GC heap after
{Heap after GC invocations=108 (full 0):
 garbage-first heap   total 191488K, used 119836K [0x0000000080000000, 0x0000000100000000)
  region size 1024K, 1 young (1024K), 1 survivors (1024K)
 Metaspace       used 116610K, capacity 119760K, committed 119892K, reserved 1155072K
  class space    used 14259K, capacity 15481K, committed 15488K, reserved 1048576K
}
Event: 1135.482 GC heap before
{Heap before GC invocations=108 (full 0):
 garbage-first heap   total 191488K, used 157724K [0x0000000080000000, 0x0000000100000000)
  region size 1024K, 39 young (39936K), 1 survivors (1024K)
 Metaspace       used 116677K, capacity 119872K, committed 120020K, reserved 1155072K
  class space    used 14267K, capacity 15495K, committed 15616K, reserved 1048576K
}
Event: 1135.492 GC heap after
{Heap after GC invocations=109 (full 0):
 garbage-first heap   total 191488K, used 121374K [0x0000000080000000, 0x0000000100000000)
  region size 1024K, 3 young (3072K), 3 survivors (3072K)
 Metaspace       used 116677K, capacity 119872K, committed 120020K, reserved 1155072K
  class space    used 14267K, capacity 15495K, committed 15616K, reserved 1048576K
}
Event: 1136.614 GC heap before
{Heap before GC invocations=110 (full 0):
 garbage-first heap   total 191488K, used 156190K [0x0000000080000000, 0x0000000100000000)
  region size 1024K, 41 young (41984K), 3 survivors (3072K)
 Metaspace       used 116693K, capacity 119874K, committed 120020K, reserved 1155072K
  class space    used 14267K, capacity 15495K, committed 15616K, reserved 1048576K
}
Event: 1136.624 GC heap after
{Heap after GC invocations=111 (full 0):
 garbage-first heap   total 191488K, used 118040K [0x0000000080000000, 0x0000000100000000)
  region size 1024K, 3 young (3072K), 3 survivors (3072K)
 Metaspace       used 116693K, capacity 119874K, committed 120020K, reserved 1155072K
  class space    used 14267K, capacity 15495K, committed 15616K, reserved 1048576K
}
Event: 1136.719 GC heap before
{Heap before GC invocations=111 (full 0):
 garbage-first heap   total 191488K, used 124184K [0x0000000080000000, 0x0000000100000000)
  region size 1024K, 9 young (9216K), 3 survivors (3072K)
 Metaspace       used 116695K, capacity 119874K, committed 120020K, reserved 1155072K
  class space    used 14267K, capacity 15495K, committed 15616K, reserved 1048576K
}
Event: 1136.727 GC heap after
{Heap after GC invocations=112 (full 0):
 garbage-first heap   total 191488K, used 102952K [0x0000000080000000, 0x0000000100000000)
  region size 1024K, 2 young (2048K), 2 survivors (2048K)
 Metaspace       used 116695K, capacity 119874K, committed 120020K, reserved 1155072K
  class space    used 14267K, capacity 15495K, committed 15616K, reserved 1048576K
}
Event: 1137.132 GC heap before
{Heap before GC invocations=112 (full 0):
 garbage-first heap   total 191488K, used 151080K [0x0000000080000000, 0x0000000100000000)
  region size 1024K, 50 young (51200K), 2 survivors (2048K)
 Metaspace       used 116716K, capacity 119878K, committed 120020K, reserved 1155072K
  class space    used 14267K, capacity 15495K, committed 15616K, reserved 1048576K
}
Event: 1137.136 GC heap after
{Heap after GC invocations=113 (full 0):
 garbage-first heap   total 191488K, used 102299K [0x0000000080000000, 0x0000000100000000)
  region size 1024K, 1 young (1024K), 1 survivors (1024K)
 Metaspace       used 116716K, capacity 119878K, committed 120020K, reserved 1155072K
  class space    used 14267K, capacity 15495K, committed 15616K, reserved 1048576K
}
Event: 1137.643 GC heap before
{Heap before GC invocations=114 (full 0):
 garbage-first heap   total 191488K, used 149403K [0x0000000080000000, 0x0000000100000000)
  region size 1024K, 49 young (50176K), 1 survivors (1024K)
 Metaspace       used 116741K, capacity 119891K, committed 120020K, reserved 1155072K
  class space    used 14269K, capacity 15499K, committed 15616K, reserved 1048576K
}

