# JRE version: OpenJDK Runtime Environment (11.0.8+10) (build 11.0.8+10-b944.6842174)
# Java VM: OpenJDK 64-Bit Server VM (11.0.8+10-b944.6842174, mixed mode, tiered, compressed oops, g1 gc, windows-amd64)
Heap:
 garbage-first heap   total 390144K, used 188759K [0x0000000080000000, 0x0000000100000000)
  region size 1024K, 67 young (68608K), 16 survivors (16384K)
 Metaspace       used 93464K, capacity 95737K, committed 96464K, reserved 1132544K
  class space    used 11985K, capacity 12900K, committed 13184K, reserved 1048576K
GC Heap History (20 events):
Event: 35.373 GC heap before
{Heap before GC invocations=40 (full 0):
 garbage-first heap   total 270336K, used 202204K [0x0000000080000000, 0x0000000100000000)
  region size 1024K, 98 young (100352K), 4 survivors (4096K)
 Metaspace       used 93146K, capacity 95479K, committed 96208K, reserved 1132544K
  class space    used 11982K, capacity 12899K, committed 13184K, reserved 1048576K
}
Event: 35.387 GC heap after
{Heap after GC invocations=41 (full 0):
 garbage-first heap   total 270336K, used 114637K [0x0000000080000000, 0x0000000100000000)
  region size 1024K, 11 young (11264K), 11 survivors (11264K)
 Metaspace       used 93146K, capacity 95479K, committed 96208K, reserved 1132544K
  class space    used 11982K, capacity 12899K, committed 13184K, reserved 1048576K
}
Event: 35.873 GC heap before
{Heap before GC invocations=41 (full 0):
 garbage-first heap   total 270336K, used 210893K [0x0000000080000000, 0x0000000100000000)
  region size 1024K, 105 young (107520K), 11 survivors (11264K)
 Metaspace       used 93163K, capacity 95483K, committed 96208K, reserved 1132544K
  class space    used 11982K, capacity 12899K, committed 13184K, reserved 1048576K
}
Event: 35.892 GC heap after
{Heap after GC invocations=42 (full 0):
 garbage-first heap   total 270336K, used 117901K [0x0000000080000000, 0x0000000100000000)
  region size 1024K, 7 young (7168K), 7 survivors (7168K)
 Metaspace       used 93163K, capacity 95483K, committed 96208K, reserved 1132544K
  class space    used 11982K, capacity 12899K, committed 13184K, reserved 1048576K
}
Event: 36.357 GC heap before
{Heap before GC invocations=42 (full 0):
 garbage-first heap   total 270336K, used 213133K [0x0000000080000000, 0x0000000100000000)
  region size 1024K, 100 young (102400K), 7 survivors (7168K)
 Metaspace       used 93175K, capacity 95484K, committed 96208K, reserved 1132544K
  class space    used 11982K, capacity 12899K, committed 13184K, reserved 1048576K
}
Event: 36.373 GC heap after
{Heap after GC invocations=43 (full 0):
 garbage-first heap   total 270336K, used 121136K [0x0000000080000000, 0x0000000100000000)
  region size 1024K, 10 young (10240K), 10 survivors (10240K)
 Metaspace       used 93175K, capacity 95484K, committed 96208K, reserved 1132544K
  class space    used 11982K, capacity 12899K, committed 13184K, reserved 1048576K
}
Event: 36.947 GC heap before
{Heap before GC invocations=43 (full 0):
 garbage-first heap   total 270336K, used 217392K [0x0000000080000000, 0x0000000100000000)
  region size 1024K, 104 young (106496K), 10 survivors (10240K)
 Metaspace       used 93266K, capacity 95572K, committed 96464K, reserved 1132544K
  class space    used 11985K, capacity 12900K, committed 13184K, reserved 1048576K
}
Event: 36.968 GC heap after
{Heap after GC invocations=44 (full 0):
 garbage-first heap   total 324608K, used 124385K [0x0000000080000000, 0x0000000100000000)
  region size 1024K, 8 young (8192K), 8 survivors (8192K)
 Metaspace       used 93266K, capacity 95572K, committed 96464K, reserved 1132544K
  class space    used 11985K, capacity 12900K, committed 13184K, reserved 1048576K
}
Event: 37.582 GC heap before
{Heap before GC invocations=44 (full 0):
 garbage-first heap   total 324608K, used 251361K [0x0000000080000000, 0x0000000100000000)
  region size 1024K, 132 young (135168K), 8 survivors (8192K)
 Metaspace       used 93280K, capacity 95573K, committed 96464K, reserved 1132544K
  class space    used 11985K, capacity 12900K, committed 13184K, reserved 1048576K
}
Event: 37.600 GC heap after
{Heap after GC invocations=45 (full 0):
 garbage-first heap   total 324608K, used 127334K [0x0000000080000000, 0x0000000100000000)
  region size 1024K, 11 young (11264K), 11 survivors (11264K)
 Metaspace       used 93280K, capacity 95573K, committed 96464K, reserved 1132544K
  class space    used 11985K, capacity 12900K, committed 13184K, reserved 1048576K
}
Event: 38.218 GC heap before
{Heap before GC invocations=45 (full 0):
 garbage-first heap   total 324608K, used 258406K [0x0000000080000000, 0x0000000100000000)
  region size 1024K, 139 young (142336K), 11 survivors (11264K)
 Metaspace       used 93291K, capacity 95573K, committed 96464K, reserved 1132544K
  class space    used 11985K, capacity 12900K, committed 13184K, reserved 1048576K
}
Event: 38.235 GC heap after
{Heap after GC invocations=46 (full 0):
 garbage-first heap   total 324608K, used 127575K [0x0000000080000000, 0x0000000100000000)
  region size 1024K, 7 young (7168K), 7 survivors (7168K)
 Metaspace       used 93291K, capacity 95573K, committed 96464K, reserved 1132544K
  class space    used 11985K, capacity 12900K, committed 13184K, reserved 1048576K
}
Event: 38.929 GC heap before
{Heap before GC invocations=46 (full 0):
 garbage-first heap   total 324608K, used 265815K [0x0000000080000000, 0x0000000100000000)
  region size 1024K, 142 young (145408K), 7 survivors (7168K)
 Metaspace       used 93305K, capacity 95576K, committed 96464K, reserved 1132544K
  class space    used 11985K, capacity 12900K, committed 13184K, reserved 1048576K
}
Event: 38.942 GC heap after
{Heap after GC invocations=47 (full 0):
 garbage-first heap   total 324608K, used 129313K [0x0000000080000000, 0x0000000100000000)
  region size 1024K, 9 young (9216K), 9 survivors (9216K)
 Metaspace       used 93305K, capacity 95576K, committed 96464K, reserved 1132544K
  class space    used 11985K, capacity 12900K, committed 13184K, reserved 1048576K
}
Event: 39.633 GC heap before
{Heap before GC invocations=47 (full 0):
 garbage-first heap   total 324608K, used 270625K [0x0000000080000000, 0x0000000100000000)
  region size 1024K, 147 young (150528K), 9 survivors (9216K)
 Metaspace       used 93320K, capacity 95641K, committed 96464K, reserved 1132544K
  class space    used 11985K, capacity 12900K, committed 13184K, reserved 1048576K
}
Event: 39.656 GC heap after
{Heap after GC invocations=48 (full 0):
 garbage-first heap   total 324608K, used 131038K [0x0000000080000000, 0x0000000100000000)
  region size 1024K, 11 young (11264K), 11 survivors (11264K)
 Metaspace       used 93320K, capacity 95641K, committed 96464K, reserved 1132544K
  class space    used 11985K, capacity 12900K, committed 13184K, reserved 1048576K
}
Event: 40.221 GC heap before
{Heap before GC invocations=48 (full 0):
 garbage-first heap   total 324608K, used 274398K [0x0000000080000000, 0x0000000100000000)
  region size 1024K, 151 young (154624K), 11 survivors (11264K)
 Metaspace       used 93329K, capacity 95641K, committed 96464K, reserved 1132544K
  class space    used 11985K, capacity 12900K, committed 13184K, reserved 1048576K
}
Event: 40.243 GC heap after
{Heap after GC invocations=49 (full 0):
 garbage-first heap   total 390144K, used 131671K [0x0000000080000000, 0x0000000100000000)
  region size 1024K, 11 young (11264K), 11 survivors (11264K)
 Metaspace       used 93329K, capacity 95641K, committed 96464K, reserved 1132544K
  class space    used 11985K, capacity 12900K, committed 13184K, reserved 1048576K
}
Event: 40.655 GC heap before
{Heap before GC invocations=49 (full 0):
 garbage-first heap   total 390144K, used 324183K [0x0000000080000000, 0x0000000100000000)
  region size 1024K, 200 young (204800K), 11 survivors (11264K)
 Metaspace       used 93332K, capacity 95641K, committed 96464K, reserved 1132544K
  class space    used 11985K, capacity 12900K, committed 13184K, reserved 1048576K
}
Event: 40.675 GC heap after
{Heap after GC invocations=50 (full 0):
 garbage-first heap   total 390144K, used 133684K [0x0000000080000000, 0x0000000100000000)
  region size 1024K, 13 young (13312K), 13 survivors (13312K)
 Metaspace       used 93332K, capacity 95641K, committed 96464K, reserved 1132544K
  class space    used 11985K, capacity 12900K, committed 13184K, reserved 1048576K
}

