# JRE version: OpenJDK Runtime Environment (11.0.8+10) (build 11.0.8+10-b944.6842174)
# Java VM: OpenJDK 64-Bit Server VM (11.0.8+10-b944.6842174, mixed mode, tiered, compressed oops, g1 gc, windows-amd64)
Heap:
 garbage-first heap   total 753664K, used 258203K [0x0000000080000000, 0x0000000100000000)
  region size 1024K, 5 young (5120K), 5 survivors (5120K)
 Metaspace       used 125438K, capacity 128778K, committed 128976K, reserved 1161216K
  class space    used 15209K, capacity 16442K, committed 16512K, reserved 1048576K
GC Heap History (20 events):
Event: 14771.408 GC heap after
{Heap after GC invocations=126 (full 1):
 garbage-first heap   total 301056K, used 239629K [0x0000000080000000, 0x0000000100000000)
  region size 1024K, 3 young (3072K), 3 survivors (3072K)
 Metaspace       used 125272K, capacity 128574K, committed 128592K, reserved 1161216K
  class space    used 15172K, capacity 16375K, committed 16384K, reserved 1048576K
}
Event: 14771.622 GC heap before
{Heap before GC invocations=126 (full 1):
 garbage-first heap   total 301056K, used 251917K [0x0000000080000000, 0x0000000100000000)
  region size 1024K, 16 young (16384K), 3 survivors (3072K)
 Metaspace       used 125382K, capacity 128710K, committed 128976K, reserved 1161216K
  class space    used 15209K, capacity 16442K, committed 16512K, reserved 1048576K
}
Event: 14771.656 GC heap after
{Heap after GC invocations=127 (full 1):
 garbage-first heap   total 301056K, used 244237K [0x0000000080000000, 0x0000000100000000)
  region size 1024K, 2 young (2048K), 2 survivors (2048K)
 Metaspace       used 125382K, capacity 128710K, committed 128976K, reserved 1161216K
  class space    used 15209K, capacity 16442K, committed 16512K, reserved 1048576K
}
Event: 14771.767 GC heap before
{Heap before GC invocations=127 (full 1):
 garbage-first heap   total 301056K, used 256525K [0x0000000080000000, 0x0000000100000000)
  region size 1024K, 14 young (14336K), 2 survivors (2048K)
 Metaspace       used 125382K, capacity 128710K, committed 128976K, reserved 1161216K
  class space    used 15209K, capacity 16442K, committed 16512K, reserved 1048576K
}
Event: 14771.792 GC heap after
{Heap after GC invocations=128 (full 1):
 garbage-first heap   total 301056K, used 247821K [0x0000000080000000, 0x0000000100000000)
  region size 1024K, 2 young (2048K), 2 survivors (2048K)
 Metaspace       used 125382K, capacity 128710K, committed 128976K, reserved 1161216K
  class space    used 15209K, capacity 16442K, committed 16512K, reserved 1048576K
}
Event: 14771.955 GC heap before
{Heap before GC invocations=128 (full 1):
 garbage-first heap   total 301056K, used 259085K [0x0000000080000000, 0x0000000100000000)
  region size 1024K, 14 young (14336K), 2 survivors (2048K)
 Metaspace       used 125395K, capacity 128712K, committed 128976K, reserved 1161216K
  class space    used 15209K, capacity 16442K, committed 16512K, reserved 1048576K
}
Event: 14771.981 GC heap after
{Heap after GC invocations=129 (full 1):
 garbage-first heap   total 301056K, used 251917K [0x0000000080000000, 0x0000000100000000)
  region size 1024K, 2 young (2048K), 2 survivors (2048K)
 Metaspace       used 125395K, capacity 128712K, committed 128976K, reserved 1161216K
  class space    used 15209K, capacity 16442K, committed 16512K, reserved 1048576K
}
Event: 14772.018 GC heap before
{Heap before GC invocations=129 (full 1):
 garbage-first heap   total 301056K, used 264205K [0x0000000080000000, 0x0000000100000000)
  region size 1024K, 14 young (14336K), 2 survivors (2048K)
 Metaspace       used 125395K, capacity 128712K, committed 128976K, reserved 1161216K
  class space    used 15209K, capacity 16442K, committed 16512K, reserved 1048576K
}
Event: 14772.034 GC heap after
{Heap after GC invocations=130 (full 1):
 garbage-first heap   total 301056K, used 252927K [0x0000000080000000, 0x0000000100000000)
  region size 1024K, 1 young (1024K), 1 survivors (1024K)
 Metaspace       used 125395K, capacity 128712K, committed 128976K, reserved 1161216K
  class space    used 15209K, capacity 16442K, committed 16512K, reserved 1048576K
}
Event: 14772.145 GC heap before
{Heap before GC invocations=131 (full 1):
 garbage-first heap   total 301056K, used 266239K [0x0000000080000000, 0x0000000100000000)
  region size 1024K, 14 young (14336K), 1 survivors (1024K)
 Metaspace       used 125409K, capacity 128712K, committed 128976K, reserved 1161216K
  class space    used 15209K, capacity 16442K, committed 16512K, reserved 1048576K
}
Event: 14772.157 GC heap after
{Heap after GC invocations=132 (full 1):
 garbage-first heap   total 301056K, used 254686K [0x0000000080000000, 0x0000000100000000)
  region size 1024K, 2 young (2048K), 2 survivors (2048K)
 Metaspace       used 125409K, capacity 128712K, committed 128976K, reserved 1161216K
  class space    used 15209K, capacity 16442K, committed 16512K, reserved 1048576K
}
Event: 14772.320 GC heap before
{Heap before GC invocations=132 (full 1):
 garbage-first heap   total 301056K, used 269022K [0x0000000080000000, 0x0000000100000000)
  region size 1024K, 14 young (14336K), 2 survivors (2048K)
 Metaspace       used 125416K, capacity 128712K, committed 128976K, reserved 1161216K
  class space    used 15209K, capacity 16442K, committed 16512K, reserved 1048576K
}
Event: 14772.344 GC heap after
{Heap after GC invocations=133 (full 1):
 garbage-first heap   total 417792K, used 254299K [0x0000000080000000, 0x0000000100000000)
  region size 1024K, 2 young (2048K), 2 survivors (2048K)
 Metaspace       used 125416K, capacity 128712K, committed 128976K, reserved 1161216K
  class space    used 15209K, capacity 16442K, committed 16512K, reserved 1048576K
}
Event: 14772.457 GC heap before
{Heap before GC invocations=133 (full 1):
 garbage-first heap   total 417792K, used 261467K [0x0000000080000000, 0x0000000100000000)
  region size 1024K, 10 young (10240K), 2 survivors (2048K)
 Metaspace       used 125419K, capacity 128712K, committed 128976K, reserved 1161216K
  class space    used 15209K, capacity 16442K, committed 16512K, reserved 1048576K
}
Event: 14772.475 GC heap after
{Heap after GC invocations=134 (full 1):
 garbage-first heap   total 417792K, used 256418K [0x0000000080000000, 0x0000000100000000)
  region size 1024K, 5 young (5120K), 5 survivors (5120K)
 Metaspace       used 125419K, capacity 128712K, committed 128976K, reserved 1161216K
  class space    used 15209K, capacity 16442K, committed 16512K, reserved 1048576K
}
Event: 14773.912 GC heap before
{Heap before GC invocations=135 (full 1):
 garbage-first heap   total 417792K, used 299426K [0x0000000080000000, 0x0000000100000000)
  region size 1024K, 51 young (52224K), 5 survivors (5120K)
 Metaspace       used 125429K, capacity 128776K, committed 128976K, reserved 1161216K
  class space    used 15209K, capacity 16442K, committed 16512K, reserved 1048576K
}
Event: 14773.961 GC heap after
{Heap after GC invocations=136 (full 1):
 garbage-first heap   total 417792K, used 259773K [0x0000000080000000, 0x0000000100000000)
  region size 1024K, 7 young (7168K), 7 survivors (7168K)
 Metaspace       used 125429K, capacity 128776K, committed 128976K, reserved 1161216K
  class space    used 15209K, capacity 16442K, committed 16512K, reserved 1048576K
}
Event: 14774.056 GC heap before
{Heap before GC invocations=136 (full 1):
 garbage-first heap   total 417792K, used 277181K [0x0000000080000000, 0x0000000100000000)
  region size 1024K, 20 young (20480K), 7 survivors (7168K)
 Metaspace       used 125438K, capacity 128778K, committed 128976K, reserved 1161216K
  class space    used 15209K, capacity 16442K, committed 16512K, reserved 1048576K
}
Event: 14774.093 GC heap after
{Heap after GC invocations=137 (full 1):
 garbage-first heap   total 417792K, used 256320K [0x0000000080000000, 0x0000000100000000)
  region size 1024K, 3 young (3072K), 3 survivors (3072K)
 Metaspace       used 125438K, capacity 128778K, committed 128976K, reserved 1161216K
  class space    used 15209K, capacity 16442K, committed 16512K, reserved 1048576K
}
Event: 14774.141 GC heap before
{Heap before GC invocations=137 (full 1):
 garbage-first heap   total 417792K, used 269632K [0x0000000080000000, 0x0000000100000000)
  region size 1024K, 17 young (17408K), 3 survivors (3072K)
 Metaspace       used 125438K, capacity 128778K, committed 128976K, reserved 1161216K
  class space    used 15209K, capacity 16442K, committed 16512K, reserved 1048576K
}

