# JRE version: OpenJDK Runtime Environment (11.0.8+10) (build 11.0.8+10-b944.6842174)
# Java VM: OpenJDK 64-Bit Server VM (11.0.8+10-b944.6842174, mixed mode, tiered, compressed oops, g1 gc, windows-amd64)
Heap:
 garbage-first heap   total 187392K, used 62669K [0x0000000080000000, 0x0000000100000000)
  region size 1024K, 6 young (6144K), 6 survivors (6144K)
 Metaspace       used 75375K, capacity 77091K, committed 77292K, reserved 1126400K
  class space    used 9804K, capacity 10470K, committed 10476K, reserved 1048576K
GC Heap History (20 events):
Event: 5.780 GC heap before
{Heap before GC invocations=5 (full 0):
 garbage-first heap   total 129024K, used 67132K [0x0000000080000000, 0x0000000100000000)
  region size 1024K, 52 young (53248K), 2 survivors (2048K)
 Metaspace       used 26569K, capacity 27214K, committed 27520K, reserved 1073152K
  class space    used 3404K, capacity 3599K, committed 3712K, reserved 1048576K
}
Event: 5.786 GC heap after
{Heap after GC invocations=6 (full 0):
 garbage-first heap   total 129024K, used 17944K [0x0000000080000000, 0x0000000100000000)
  region size 1024K, 4 young (4096K), 4 survivors (4096K)
 Metaspace       used 26569K, capacity 27214K, committed 27520K, reserved 1073152K
  class space    used 3404K, capacity 3599K, committed 3712K, reserved 1048576K
}
Event: 6.821 GC heap before
{Heap before GC invocations=6 (full 0):
 garbage-first heap   total 129024K, used 59928K [0x0000000080000000, 0x0000000100000000)
  region size 1024K, 47 young (48128K), 4 survivors (4096K)
 Metaspace       used 34847K, capacity 35511K, committed 35628K, reserved 1081344K
  class space    used 4453K, capacity 4706K, committed 4736K, reserved 1048576K
}
Event: 6.836 GC heap after
{Heap after GC invocations=7 (full 0):
 garbage-first heap   total 129024K, used 20865K [0x0000000080000000, 0x0000000100000000)
  region size 1024K, 7 young (7168K), 7 survivors (7168K)
 Metaspace       used 34847K, capacity 35511K, committed 35628K, reserved 1081344K
  class space    used 4453K, capacity 4706K, committed 4736K, reserved 1048576K
}
Event: 8.092 GC heap before
{Heap before GC invocations=8 (full 0):
 garbage-first heap   total 129024K, used 77185K [0x0000000080000000, 0x0000000100000000)
  region size 1024K, 60 young (61440K), 7 survivors (7168K)
 Metaspace       used 39583K, capacity 40447K, committed 40576K, reserved 1085440K
  class space    used 5046K, capacity 5382K, committed 5504K, reserved 1048576K
}
Event: 8.111 GC heap after
{Heap after GC invocations=9 (full 0):
 garbage-first heap   total 129024K, used 24802K [0x0000000080000000, 0x0000000100000000)
  region size 1024K, 7 young (7168K), 7 survivors (7168K)
 Metaspace       used 39583K, capacity 40447K, committed 40576K, reserved 1085440K
  class space    used 5046K, capacity 5382K, committed 5504K, reserved 1048576K
}
Event: 9.406 GC heap before
{Heap before GC invocations=9 (full 0):
 garbage-first heap   total 129024K, used 80098K [0x0000000080000000, 0x0000000100000000)
  region size 1024K, 61 young (62464K), 7 survivors (7168K)
 Metaspace       used 43387K, capacity 44340K, committed 44672K, reserved 1087488K
  class space    used 5551K, capacity 5914K, committed 6016K, reserved 1048576K
}
Event: 9.421 GC heap after
{Heap after GC invocations=10 (full 0):
 garbage-first heap   total 155648K, used 27902K [0x0000000080000000, 0x0000000100000000)
  region size 1024K, 7 young (7168K), 7 survivors (7168K)
 Metaspace       used 43387K, capacity 44340K, committed 44672K, reserved 1087488K
  class space    used 5551K, capacity 5914K, committed 6016K, reserved 1048576K
}
Event: 10.717 GC heap before
{Heap before GC invocations=10 (full 0):
 garbage-first heap   total 155648K, used 96510K [0x0000000080000000, 0x0000000100000000)
  region size 1024K, 69 young (70656K), 7 survivors (7168K)
 Metaspace       used 49909K, capacity 51064K, committed 51200K, reserved 1093632K
  class space    used 6377K, capacity 6818K, committed 6912K, reserved 1048576K
}
Event: 10.734 GC heap after
{Heap after GC invocations=11 (full 0):
 garbage-first heap   total 155648K, used 42408K [0x0000000080000000, 0x0000000100000000)
  region size 1024K, 9 young (9216K), 9 survivors (9216K)
 Metaspace       used 49909K, capacity 51064K, committed 51200K, reserved 1093632K
  class space    used 6377K, capacity 6818K, committed 6912K, reserved 1048576K
}
Event: 12.438 GC heap before
{Heap before GC invocations=11 (full 0):
 garbage-first heap   total 155648K, used 104872K [0x0000000080000000, 0x0000000100000000)
  region size 1024K, 70 young (71680K), 9 survivors (9216K)
 Metaspace       used 57106K, capacity 58424K, committed 58752K, reserved 1099776K
  class space    used 7207K, capacity 7697K, committed 7808K, reserved 1048576K
}
Event: 12.454 GC heap after
{Heap after GC invocations=12 (full 0):
 garbage-first heap   total 155648K, used 49128K [0x0000000080000000, 0x0000000100000000)
  region size 1024K, 6 young (6144K), 6 survivors (6144K)
 Metaspace       used 57106K, capacity 58424K, committed 58752K, reserved 1099776K
  class space    used 7207K, capacity 7697K, committed 7808K, reserved 1048576K
}
Event: 12.683 GC heap before
{Heap before GC invocations=12 (full 0):
 garbage-first heap   total 155648K, used 54248K [0x0000000080000000, 0x0000000100000000)
  region size 1024K, 12 young (12288K), 6 survivors (6144K)
 Metaspace       used 58540K, capacity 59866K, committed 59904K, reserved 1101824K
  class space    used 7374K, capacity 7906K, committed 7936K, reserved 1048576K
}
Event: 12.691 GC heap after
{Heap after GC invocations=13 (full 0):
 garbage-first heap   total 155648K, used 49152K [0x0000000080000000, 0x0000000100000000)
  region size 1024K, 1 young (1024K), 1 survivors (1024K)
 Metaspace       used 58540K, capacity 59866K, committed 59904K, reserved 1101824K
  class space    used 7374K, capacity 7906K, committed 7936K, reserved 1048576K
}
Event: 14.118 GC heap before
{Heap before GC invocations=14 (full 0):
 garbage-first heap   total 155648K, used 103424K [0x0000000080000000, 0x0000000100000000)
  region size 1024K, 54 young (55296K), 1 survivors (1024K)
 Metaspace       used 62771K, capacity 64219K, committed 64364K, reserved 1105920K
  class space    used 7892K, capacity 8463K, committed 8556K, reserved 1048576K
}
Event: 14.129 GC heap after
{Heap after GC invocations=15 (full 0):
 garbage-first heap   total 155648K, used 53745K [0x0000000080000000, 0x0000000100000000)
  region size 1024K, 6 young (6144K), 6 survivors (6144K)
 Metaspace       used 62771K, capacity 64219K, committed 64364K, reserved 1105920K
  class space    used 7892K, capacity 8463K, committed 8556K, reserved 1048576K
}
Event: 15.718 GC heap before
{Heap before GC invocations=16 (full 0):
 garbage-first heap   total 155648K, used 108017K [0x0000000080000000, 0x0000000100000000)
  region size 1024K, 59 young (60416K), 6 survivors (6144K)
 Metaspace       used 68588K, capacity 70242K, committed 70508K, reserved 1110016K
  class space    used 8832K, capacity 9481K, committed 9580K, reserved 1048576K
}
Event: 15.734 GC heap after
{Heap after GC invocations=17 (full 0):
 garbage-first heap   total 155648K, used 57346K [0x0000000080000000, 0x0000000100000000)
  region size 1024K, 4 young (4096K), 4 survivors (4096K)
 Metaspace       used 68588K, capacity 70242K, committed 70508K, reserved 1110016K
  class space    used 8832K, capacity 9481K, committed 9580K, reserved 1048576K
}
Event: 17.501 GC heap before
{Heap before GC invocations=17 (full 0):
 garbage-first heap   total 155648K, used 112642K [0x0000000080000000, 0x0000000100000000)
  region size 1024K, 58 young (59392K), 4 survivors (4096K)
 Metaspace       used 73548K, capacity 75193K, committed 75244K, reserved 1114112K
  class space    used 9543K, capacity 10174K, committed 10220K, reserved 1048576K
}
Event: 17.515 GC heap after
{Heap after GC invocations=18 (full 0):
 garbage-first heap   total 187392K, used 60458K [0x0000000080000000, 0x0000000100000000)
  region size 1024K, 7 young (7168K), 7 survivors (7168K)
 Metaspace       used 73548K, capacity 75193K, committed 75244K, reserved 1114112K
  class space    used 9543K, capacity 10174K, committed 10220K, reserved 1048576K
}

