# JRE version: OpenJDK Runtime Environment (11.0.8+10) (build 11.0.8+10-b944.6842174)
# Java VM: OpenJDK 64-Bit Server VM (11.0.8+10-b944.6842174, mixed mode, tiered, compressed oops, g1 gc, windows-amd64)
Heap:
 garbage-first heap   total 458752K, used 246050K [0x0000000080000000, 0x0000000100000000)
  region size 1024K, 106 young (108544K), 14 survivors (14336K)
 Metaspace       used 91749K, capacity 93855K, committed 94216K, reserved 1130496K
  class space    used 11790K, capacity 12663K, committed 12800K, reserved 1048576K
GC Heap History (20 events):
Event: 24.736 GC heap before
{Heap before GC invocations=33 (full 0):
 garbage-first heap   total 324608K, used 266584K [0x0000000080000000, 0x0000000100000000)
  region size 1024K, 131 young (134144K), 4 survivors (4096K)
 Metaspace       used 91352K, capacity 93531K, committed 93960K, reserved 1130496K
  class space    used 11779K, capacity 12657K, committed 12800K, reserved 1048576K
}
Event: 24.750 GC heap after
{Heap after GC invocations=34 (full 0):
 garbage-first heap   total 324608K, used 137530K [0x0000000080000000, 0x0000000100000000)
  region size 1024K, 5 young (5120K), 5 survivors (5120K)
 Metaspace       used 91352K, capacity 93531K, committed 93960K, reserved 1130496K
  class space    used 11779K, capacity 12657K, committed 12800K, reserved 1048576K
}
Event: 25.270 GC heap before
{Heap before GC invocations=34 (full 0):
 garbage-first heap   total 324608K, used 275770K [0x0000000080000000, 0x0000000100000000)
  region size 1024K, 140 young (143360K), 5 survivors (5120K)
 Metaspace       used 91391K, capacity 93537K, committed 93960K, reserved 1130496K
  class space    used 11787K, capacity 12659K, committed 12800K, reserved 1048576K
}
Event: 25.287 GC heap after
{Heap after GC invocations=35 (full 0):
 garbage-first heap   total 324608K, used 139031K [0x0000000080000000, 0x0000000100000000)
  region size 1024K, 6 young (6144K), 6 survivors (6144K)
 Metaspace       used 91391K, capacity 93537K, committed 93960K, reserved 1130496K
  class space    used 11787K, capacity 12659K, committed 12800K, reserved 1048576K
}
Event: 25.827 GC heap before
{Heap before GC invocations=35 (full 0):
 garbage-first heap   total 324608K, used 277271K [0x0000000080000000, 0x0000000100000000)
  region size 1024K, 141 young (144384K), 6 survivors (6144K)
 Metaspace       used 91407K, capacity 93602K, committed 93960K, reserved 1130496K
  class space    used 11787K, capacity 12659K, committed 12800K, reserved 1048576K
}
Event: 25.843 GC heap after
{Heap after GC invocations=36 (full 0):
 garbage-first heap   total 324608K, used 140812K [0x0000000080000000, 0x0000000100000000)
  region size 1024K, 8 young (8192K), 8 survivors (8192K)
 Metaspace       used 91407K, capacity 93602K, committed 93960K, reserved 1130496K
  class space    used 11787K, capacity 12659K, committed 12800K, reserved 1048576K
}
Event: 26.497 GC heap before
{Heap before GC invocations=36 (full 0):
 garbage-first heap   total 324608K, used 279052K [0x0000000080000000, 0x0000000100000000)
  region size 1024K, 143 young (146432K), 8 survivors (8192K)
 Metaspace       used 91416K, capacity 93604K, committed 93960K, reserved 1130496K
  class space    used 11787K, capacity 12659K, committed 12800K, reserved 1048576K
}
Event: 26.515 GC heap after
{Heap after GC invocations=37 (full 0):
 garbage-first heap   total 324608K, used 143703K [0x0000000080000000, 0x0000000100000000)
  region size 1024K, 11 young (11264K), 11 survivors (11264K)
 Metaspace       used 91416K, capacity 93604K, committed 93960K, reserved 1130496K
  class space    used 11787K, capacity 12659K, committed 12800K, reserved 1048576K
}
Event: 27.048 GC heap before
{Heap before GC invocations=37 (full 0):
 garbage-first heap   total 324608K, used 279895K [0x0000000080000000, 0x0000000100000000)
  region size 1024K, 144 young (147456K), 11 survivors (11264K)
 Metaspace       used 91425K, capacity 93604K, committed 93960K, reserved 1130496K
  class space    used 11787K, capacity 12659K, committed 12800K, reserved 1048576K
}
Event: 27.066 GC heap after
{Heap after GC invocations=38 (full 0):
 garbage-first heap   total 324608K, used 143990K [0x0000000080000000, 0x0000000100000000)
  region size 1024K, 10 young (10240K), 10 survivors (10240K)
 Metaspace       used 91425K, capacity 93604K, committed 93960K, reserved 1130496K
  class space    used 11787K, capacity 12659K, committed 12800K, reserved 1048576K
}
Event: 27.576 GC heap before
{Heap before GC invocations=38 (full 0):
 garbage-first heap   total 324608K, used 281206K [0x0000000080000000, 0x0000000100000000)
  region size 1024K, 144 young (147456K), 10 survivors (10240K)
 Metaspace       used 91443K, capacity 93605K, committed 93960K, reserved 1130496K
  class space    used 11787K, capacity 12659K, committed 12800K, reserved 1048576K
}
Event: 27.599 GC heap after
{Heap after GC invocations=39 (full 0):
 garbage-first heap   total 390144K, used 146218K [0x0000000080000000, 0x0000000100000000)
  region size 1024K, 12 young (12288K), 12 survivors (12288K)
 Metaspace       used 91443K, capacity 93605K, committed 93960K, reserved 1130496K
  class space    used 11787K, capacity 12659K, committed 12800K, reserved 1048576K
}
Event: 28.318 GC heap before
{Heap before GC invocations=39 (full 0):
 garbage-first heap   total 390144K, used 318250K [0x0000000080000000, 0x0000000100000000)
  region size 1024K, 180 young (184320K), 12 survivors (12288K)
 Metaspace       used 91451K, capacity 93607K, committed 93960K, reserved 1130496K
  class space    used 11787K, capacity 12659K, committed 12800K, reserved 1048576K
}
Event: 28.340 GC heap after
{Heap after GC invocations=40 (full 0):
 garbage-first heap   total 390144K, used 147808K [0x0000000080000000, 0x0000000100000000)
  region size 1024K, 13 young (13312K), 13 survivors (13312K)
 Metaspace       used 91451K, capacity 93607K, committed 93960K, reserved 1130496K
  class space    used 11787K, capacity 12659K, committed 12800K, reserved 1048576K
}
Event: 29.057 GC heap before
{Heap before GC invocations=40 (full 0):
 garbage-first heap   total 390144K, used 334176K [0x0000000080000000, 0x0000000100000000)
  region size 1024K, 195 young (199680K), 13 survivors (13312K)
 Metaspace       used 91459K, capacity 93607K, committed 93960K, reserved 1130496K
  class space    used 11787K, capacity 12659K, committed 12800K, reserved 1048576K
}
Event: 29.081 GC heap after
{Heap after GC invocations=41 (full 0):
 garbage-first heap   total 390144K, used 149856K [0x0000000080000000, 0x0000000100000000)
  region size 1024K, 15 young (15360K), 15 survivors (15360K)
 Metaspace       used 91459K, capacity 93607K, committed 93960K, reserved 1130496K
  class space    used 11787K, capacity 12659K, committed 12800K, reserved 1048576K
}
Event: 29.818 GC heap before
{Heap before GC invocations=41 (full 0):
 garbage-first heap   total 390144K, used 334176K [0x0000000080000000, 0x0000000100000000)
  region size 1024K, 195 young (199680K), 15 survivors (15360K)
 Metaspace       used 91468K, capacity 93611K, committed 93960K, reserved 1130496K
  class space    used 11787K, capacity 12659K, committed 12800K, reserved 1048576K
}
Event: 29.845 GC heap after
{Heap after GC invocations=42 (full 0):
 garbage-first heap   total 390144K, used 151540K [0x0000000080000000, 0x0000000100000000)
  region size 1024K, 14 young (14336K), 14 survivors (14336K)
 Metaspace       used 91468K, capacity 93611K, committed 93960K, reserved 1130496K
  class space    used 11787K, capacity 12659K, committed 12800K, reserved 1048576K
}
Event: 30.734 GC heap before
{Heap before GC invocations=42 (full 0):
 garbage-first heap   total 390144K, used 336884K [0x0000000080000000, 0x0000000100000000)
  region size 1024K, 194 young (198656K), 14 survivors (14336K)
 Metaspace       used 91747K, capacity 93855K, committed 94216K, reserved 1130496K
  class space    used 11790K, capacity 12663K, committed 12800K, reserved 1048576K
}
Event: 30.765 GC heap after
{Heap after GC invocations=43 (full 0):
 garbage-first heap   total 458752K, used 152866K [0x0000000080000000, 0x0000000100000000)
  region size 1024K, 14 young (14336K), 14 survivors (14336K)
 Metaspace       used 91747K, capacity 93855K, committed 94216K, reserved 1130496K
  class space    used 11790K, capacity 12663K, committed 12800K, reserved 1048576K
}

