# JRE version: OpenJDK Runtime Environment (11.0.8+10) (build 11.0.8+10-b944.6842174)
# Java VM: OpenJDK 64-Bit Server VM (11.0.8+10-b944.6842174, mixed mode, tiered, compressed oops, g1 gc, windows-amd64)
Heap:
 garbage-first heap   total 187392K, used 131680K [0x0000000080000000, 0x0000000100000000)
  region size 1024K, 58 young (59392K), 9 survivors (9216K)
 Metaspace       used 88895K, capacity 90961K, committed 91216K, reserved 1128448K
  class space    used 11421K, capacity 12217K, committed 12288K, reserved 1048576K
GC Heap History (20 events):
Event: 7.662 GC heap before
{Heap before GC invocations=9 (full 0):
 garbage-first heap   total 129024K, used 77950K [0x0000000080000000, 0x0000000100000000)
  region size 1024K, 59 young (60416K), 6 survivors (6144K)
 Metaspace       used 39749K, capacity 40583K, committed 40912K, reserved 1085440K
  class space    used 5069K, capacity 5385K, committed 5504K, reserved 1048576K
}
Event: 7.678 GC heap after
{Heap after GC invocations=10 (full 0):
 garbage-first heap   total 155648K, used 25249K [0x0000000080000000, 0x0000000100000000)
  region size 1024K, 8 young (8192K), 8 survivors (8192K)
 Metaspace       used 39749K, capacity 40583K, committed 40912K, reserved 1085440K
  class space    used 5069K, capacity 5385K, committed 5504K, reserved 1048576K
}
Event: 9.035 GC heap before
{Heap before GC invocations=10 (full 0):
 garbage-first heap   total 155648K, used 97953K [0x0000000080000000, 0x0000000100000000)
  region size 1024K, 79 young (80896K), 8 survivors (8192K)
 Metaspace       used 43505K, capacity 44421K, committed 44752K, reserved 1087488K
  class space    used 5556K, capacity 5917K, committed 6016K, reserved 1048576K
}
Event: 9.050 GC heap after
{Heap after GC invocations=11 (full 0):
 garbage-first heap   total 155648K, used 28966K [0x0000000080000000, 0x0000000100000000)
  region size 1024K, 8 young (8192K), 8 survivors (8192K)
 Metaspace       used 43505K, capacity 44421K, committed 44752K, reserved 1087488K
  class space    used 5556K, capacity 5917K, committed 6016K, reserved 1048576K
}
Event: 10.902 GC heap before
{Heap before GC invocations=11 (full 0):
 garbage-first heap   total 155648K, used 118054K [0x0000000080000000, 0x0000000100000000)
  region size 1024K, 90 young (92160K), 8 survivors (8192K)
 Metaspace       used 53871K, capacity 55110K, committed 55248K, reserved 1097728K
  class space    used 6822K, capacity 7290K, committed 7296K, reserved 1048576K
}
Event: 10.925 GC heap after
{Heap after GC invocations=12 (full 0):
 garbage-first heap   total 155648K, used 48413K [0x0000000080000000, 0x0000000100000000)
  region size 1024K, 12 young (12288K), 12 survivors (12288K)
 Metaspace       used 53871K, capacity 55110K, committed 55248K, reserved 1097728K
  class space    used 6822K, capacity 7290K, committed 7296K, reserved 1048576K
}
Event: 11.935 GC heap before
{Heap before GC invocations=12 (full 0):
 garbage-first heap   total 155648K, used 84253K [0x0000000080000000, 0x0000000100000000)
  region size 1024K, 47 young (48128K), 12 survivors (12288K)
 Metaspace       used 58695K, capacity 60061K, committed 60240K, reserved 1101824K
  class space    used 7386K, capacity 7907K, committed 7936K, reserved 1048576K
}
Event: 11.963 GC heap after
{Heap after GC invocations=13 (full 0):
 garbage-first heap   total 155648K, used 52684K [0x0000000080000000, 0x0000000100000000)
  region size 1024K, 4 young (4096K), 4 survivors (4096K)
 Metaspace       used 58695K, capacity 60061K, committed 60240K, reserved 1101824K
  class space    used 7386K, capacity 7907K, committed 7936K, reserved 1048576K
}
Event: 13.112 GC heap before
{Heap before GC invocations=14 (full 0):
 garbage-first heap   total 155648K, used 104908K [0x0000000080000000, 0x0000000100000000)
  region size 1024K, 55 young (56320K), 4 survivors (4096K)
 Metaspace       used 62443K, capacity 63873K, committed 64080K, reserved 1105920K
  class space    used 7866K, capacity 8412K, committed 8448K, reserved 1048576K
}
Event: 13.131 GC heap after
{Heap after GC invocations=15 (full 0):
 garbage-first heap   total 187392K, used 57733K [0x0000000080000000, 0x0000000100000000)
  region size 1024K, 7 young (7168K), 7 survivors (7168K)
 Metaspace       used 62443K, capacity 63873K, committed 64080K, reserved 1105920K
  class space    used 7866K, capacity 8412K, committed 8448K, reserved 1048576K
}
Event: 15.102 GC heap before
{Heap before GC invocations=15 (full 0):
 garbage-first heap   total 187392K, used 124293K [0x0000000080000000, 0x0000000100000000)
  region size 1024K, 72 young (73728K), 7 survivors (7168K)
 Metaspace       used 69316K, capacity 70900K, committed 71120K, reserved 1112064K
  class space    used 8942K, capacity 9567K, committed 9600K, reserved 1048576K
}
Event: 15.120 GC heap after
{Heap after GC invocations=16 (full 0):
 garbage-first heap   total 187392K, used 62691K [0x0000000080000000, 0x0000000100000000)
  region size 1024K, 5 young (5120K), 5 survivors (5120K)
 Metaspace       used 69316K, capacity 70900K, committed 71120K, reserved 1112064K
  class space    used 8942K, capacity 9567K, committed 9600K, reserved 1048576K
}
Event: 17.221 GC heap before
{Heap before GC invocations=16 (full 0):
 garbage-first heap   total 187392K, used 130275K [0x0000000080000000, 0x0000000100000000)
  region size 1024K, 71 young (72704K), 5 survivors (5120K)
 Metaspace       used 75553K, capacity 77285K, committed 77520K, reserved 1116160K
  class space    used 9836K, capacity 10513K, committed 10624K, reserved 1048576K
}
Event: 17.236 GC heap after
{Heap after GC invocations=17 (full 0):
 garbage-first heap   total 187392K, used 66783K [0x0000000080000000, 0x0000000100000000)
  region size 1024K, 9 young (9216K), 9 survivors (9216K)
 Metaspace       used 75553K, capacity 77285K, committed 77520K, reserved 1116160K
  class space    used 9836K, capacity 10513K, committed 10624K, reserved 1048576K
}
Event: 18.534 GC heap before
{Heap before GC invocations=17 (full 0):
 garbage-first heap   total 187392K, used 134367K [0x0000000080000000, 0x0000000100000000)
  region size 1024K, 75 young (76800K), 9 survivors (9216K)
 Metaspace       used 76295K, capacity 78035K, committed 78288K, reserved 1118208K
  class space    used 9861K, capacity 10535K, committed 10624K, reserved 1048576K
}
Event: 18.556 GC heap after
{Heap after GC invocations=18 (full 0):
 garbage-first heap   total 187392K, used 71336K [0x0000000080000000, 0x0000000100000000)
  region size 1024K, 10 young (10240K), 10 survivors (10240K)
 Metaspace       used 76295K, capacity 78035K, committed 78288K, reserved 1118208K
  class space    used 9861K, capacity 10535K, committed 10624K, reserved 1048576K
}
Event: 19.721 GC heap before
{Heap before GC invocations=18 (full 0):
 garbage-first heap   total 187392K, used 137896K [0x0000000080000000, 0x0000000100000000)
  region size 1024K, 76 young (77824K), 10 survivors (10240K)
 Metaspace       used 77470K, capacity 79301K, committed 79440K, reserved 1118208K
  class space    used 10002K, capacity 10677K, committed 10752K, reserved 1048576K
}
Event: 19.739 GC heap after
{Heap after GC invocations=19 (full 0):
 garbage-first heap   total 187392K, used 75584K [0x0000000080000000, 0x0000000100000000)
  region size 1024K, 9 young (9216K), 9 survivors (9216K)
 Metaspace       used 77470K, capacity 79301K, committed 79440K, reserved 1118208K
  class space    used 10002K, capacity 10677K, committed 10752K, reserved 1048576K
}
Event: 21.414 GC heap before
{Heap before GC invocations=19 (full 0):
 garbage-first heap   total 187392K, used 142144K [0x0000000080000000, 0x0000000100000000)
  region size 1024K, 75 young (76800K), 9 survivors (9216K)
 Metaspace       used 83857K, capacity 85917K, committed 85968K, reserved 1124352K
  class space    used 10837K, capacity 11621K, committed 11648K, reserved 1048576K
}
Event: 21.432 GC heap after
{Heap after GC invocations=20 (full 0):
 garbage-first heap   total 187392K, used 80480K [0x0000000080000000, 0x0000000100000000)
  region size 1024K, 9 young (9216K), 9 survivors (9216K)
 Metaspace       used 83857K, capacity 85917K, committed 85968K, reserved 1124352K
  class space    used 10837K, capacity 11621K, committed 11648K, reserved 1048576K
}

