# JRE version: OpenJDK Runtime Environment (11.0.8+10) (build 11.0.8+10-b944.6842174)
# Java VM: OpenJDK 64-Bit Server VM (11.0.8+10-b944.6842174, mixed mode, tiered, compressed oops, g1 gc, windows-amd64)
Heap:
 garbage-first heap   total 480256K, used 138210K [0x0000000080000000, 0x0000000100000000)
  region size 1024K, 17 young (17408K), 17 survivors (17408K)
 Metaspace       used 92061K, capacity 94366K, committed 94544K, reserved 1130496K
  class space    used 11848K, capacity 12784K, committed 12800K, reserved 1048576K
GC Heap History (20 events):
Event: 21.260 GC heap after
{Heap after GC invocations=27 (full 0):
 garbage-first heap   total 270336K, used 119094K [0x0000000080000000, 0x0000000100000000)
  region size 1024K, 7 young (7168K), 7 survivors (7168K)
 Metaspace       used 90511K, capacity 92623K, committed 92752K, reserved 1130496K
  class space    used 11660K, capacity 12513K, committed 12544K, reserved 1048576K
}
Event: 21.706 GC heap before
{Heap before GC invocations=27 (full 0):
 garbage-first heap   total 270336K, used 219446K [0x0000000080000000, 0x0000000100000000)
  region size 1024K, 105 young (107520K), 7 survivors (7168K)
 Metaspace       used 90550K, capacity 92725K, committed 92880K, reserved 1130496K
  class space    used 11664K, capacity 12547K, committed 12672K, reserved 1048576K
}
Event: 21.722 GC heap after
{Heap after GC invocations=28 (full 0):
 garbage-first heap   total 270336K, used 119977K [0x0000000080000000, 0x0000000100000000)
  region size 1024K, 8 young (8192K), 8 survivors (8192K)
 Metaspace       used 90550K, capacity 92725K, committed 92880K, reserved 1130496K
  class space    used 11664K, capacity 12547K, committed 12672K, reserved 1048576K
}
Event: 22.150 GC heap before
{Heap before GC invocations=28 (full 0):
 garbage-first heap   total 270336K, used 221353K [0x0000000080000000, 0x0000000100000000)
  region size 1024K, 107 young (109568K), 8 survivors (8192K)
 Metaspace       used 90566K, capacity 92726K, committed 92880K, reserved 1130496K
  class space    used 11665K, capacity 12547K, committed 12672K, reserved 1048576K
}
Event: 22.167 GC heap after
{Heap after GC invocations=29 (full 0):
 garbage-first heap   total 324608K, used 121103K [0x0000000080000000, 0x0000000100000000)
  region size 1024K, 8 young (8192K), 8 survivors (8192K)
 Metaspace       used 90566K, capacity 92726K, committed 92880K, reserved 1130496K
  class space    used 11665K, capacity 12547K, committed 12672K, reserved 1048576K
}
Event: 22.723 GC heap before
{Heap before GC invocations=29 (full 0):
 garbage-first heap   total 324608K, used 259343K [0x0000000080000000, 0x0000000100000000)
  region size 1024K, 143 young (146432K), 8 survivors (8192K)
 Metaspace       used 90590K, capacity 92790K, committed 93136K, reserved 1130496K
  class space    used 11666K, capacity 12547K, committed 12672K, reserved 1048576K
}
Event: 22.740 GC heap after
{Heap after GC invocations=30 (full 0):
 garbage-first heap   total 324608K, used 123151K [0x0000000080000000, 0x0000000100000000)
  region size 1024K, 10 young (10240K), 10 survivors (10240K)
 Metaspace       used 90590K, capacity 92790K, committed 93136K, reserved 1130496K
  class space    used 11666K, capacity 12547K, committed 12672K, reserved 1048576K
}
Event: 23.307 GC heap before
{Heap before GC invocations=30 (full 0):
 garbage-first heap   total 324608K, used 265487K [0x0000000080000000, 0x0000000100000000)
  region size 1024K, 149 young (152576K), 10 survivors (10240K)
 Metaspace       used 90671K, capacity 92797K, committed 93136K, reserved 1130496K
  class space    used 11681K, capacity 12549K, committed 12672K, reserved 1048576K
}
Event: 23.328 GC heap after
{Heap after GC invocations=31 (full 0):
 garbage-first heap   total 324608K, used 124175K [0x0000000080000000, 0x0000000100000000)
  region size 1024K, 11 young (11264K), 11 survivors (11264K)
 Metaspace       used 90671K, capacity 92797K, committed 93136K, reserved 1130496K
  class space    used 11681K, capacity 12549K, committed 12672K, reserved 1048576K
}
Event: 23.910 GC heap before
{Heap before GC invocations=31 (full 0):
 garbage-first heap   total 324608K, used 277775K [0x0000000080000000, 0x0000000100000000)
  region size 1024K, 161 young (164864K), 11 survivors (11264K)
 Metaspace       used 90686K, capacity 92862K, committed 93136K, reserved 1130496K
  class space    used 11681K, capacity 12549K, committed 12672K, reserved 1048576K
}
Event: 23.930 GC heap after
{Heap after GC invocations=32 (full 0):
 garbage-first heap   total 324608K, used 125707K [0x0000000080000000, 0x0000000100000000)
  region size 1024K, 13 young (13312K), 13 survivors (13312K)
 Metaspace       used 90686K, capacity 92862K, committed 93136K, reserved 1130496K
  class space    used 11681K, capacity 12549K, committed 12672K, reserved 1048576K
}
Event: 24.519 GC heap before
{Heap before GC invocations=32 (full 0):
 garbage-first heap   total 324608K, used 277259K [0x0000000080000000, 0x0000000100000000)
  region size 1024K, 161 young (164864K), 13 survivors (13312K)
 Metaspace       used 90698K, capacity 92863K, committed 93136K, reserved 1130496K
  class space    used 11681K, capacity 12549K, committed 12672K, reserved 1048576K
}
Event: 24.548 GC heap after
{Heap after GC invocations=33 (full 0):
 garbage-first heap   total 390144K, used 127629K [0x0000000080000000, 0x0000000100000000)
  region size 1024K, 13 young (13312K), 13 survivors (13312K)
 Metaspace       used 90698K, capacity 92863K, committed 93136K, reserved 1130496K
  class space    used 11681K, capacity 12549K, committed 12672K, reserved 1048576K
}
Event: 25.198 GC heap before
{Heap before GC invocations=33 (full 0):
 garbage-first heap   total 390144K, used 303757K [0x0000000080000000, 0x0000000100000000)
  region size 1024K, 185 young (189440K), 13 survivors (13312K)
 Metaspace       used 90723K, capacity 92864K, committed 93136K, reserved 1130496K
  class space    used 11681K, capacity 12549K, committed 12672K, reserved 1048576K
}
Event: 25.221 GC heap after
{Heap after GC invocations=34 (full 0):
 garbage-first heap   total 390144K, used 130701K [0x0000000080000000, 0x0000000100000000)
  region size 1024K, 16 young (16384K), 16 survivors (16384K)
 Metaspace       used 90723K, capacity 92864K, committed 93136K, reserved 1130496K
  class space    used 11681K, capacity 12549K, committed 12672K, reserved 1048576K
}
Event: 26.202 GC heap before
{Heap before GC invocations=34 (full 0):
 garbage-first heap   total 390144K, used 329357K [0x0000000080000000, 0x0000000100000000)
  region size 1024K, 209 young (214016K), 16 survivors (16384K)
 Metaspace       used 91867K, capacity 94099K, committed 94288K, reserved 1130496K
  class space    used 11814K, capacity 12718K, committed 12800K, reserved 1048576K
}
Event: 26.231 GC heap after
{Heap after GC invocations=35 (full 0):
 garbage-first heap   total 390144K, used 134741K [0x0000000080000000, 0x0000000100000000)
  region size 1024K, 18 young (18432K), 18 survivors (18432K)
 Metaspace       used 91867K, capacity 94099K, committed 94288K, reserved 1130496K
  class space    used 11814K, capacity 12718K, committed 12800K, reserved 1048576K
}
Event: 27.025 GC heap before
{Heap before GC invocations=35 (full 0):
 garbage-first heap   total 390144K, used 330325K [0x0000000080000000, 0x0000000100000000)
  region size 1024K, 209 young (214016K), 18 survivors (18432K)
 Metaspace       used 92054K, capacity 94365K, committed 94544K, reserved 1130496K
  class space    used 11848K, capacity 12784K, committed 12800K, reserved 1048576K
}
Event: 27.055 GC heap after
{Heap after GC invocations=36 (full 0):
 garbage-first heap   total 390144K, used 135247K [0x0000000080000000, 0x0000000100000000)
  region size 1024K, 16 young (16384K), 16 survivors (16384K)
 Metaspace       used 92054K, capacity 94365K, committed 94544K, reserved 1130496K
  class space    used 11848K, capacity 12784K, committed 12800K, reserved 1048576K
}
Event: 27.788 GC heap before
{Heap before GC invocations=36 (full 0):
 garbage-first heap   total 390144K, used 332879K [0x0000000080000000, 0x0000000100000000)
  region size 1024K, 209 young (214016K), 16 survivors (16384K)
 Metaspace       used 92061K, capacity 94366K, committed 94544K, reserved 1130496K
  class space    used 11848K, capacity 12784K, committed 12800K, reserved 1048576K
}

